<?xml version="1.0" encoding="UTF-8"?>
<!-- Generated by org.testng.reporters.JUnitXMLReporter -->
<testsuite hostname="Virat-pc" ignored="0" name="Default test" tests="55" failures="0" timestamp="21 Dec 2017 07:19:43 GMT" time="117.332" errors="0">
  <testcase name="LoadAllRepositoriesAndEnterURL" time="13.132" classname="Scripts.ScriptExecution"/>
  <testcase name="LoginToApp" time="9.481" classname="Scripts.ScriptExecution"/>
  <testcase name="ExportDataPresence" time="2.573" classname="Scripts.ScriptExecution"/>
  <testcase name="OpenExportdatawindow" time="5.325" classname="Scripts.ScriptExecution"/>
  <testcase name="VerfiyMandatoryFields" time="0.085" classname="Scripts.ScriptExecution"/>
  <testcase name="VerifyDataSearchTooltip" time="0.208" classname="Scripts.ScriptExecution"/>
  <testcase name="VerifyFilterTooltip" time="0.047" classname="Scripts.ScriptExecution"/>
  <testcase name="VerifyExportTooltip" time="0.051" classname="Scripts.ScriptExecution"/>
  <testcase name="VerifyCompleteTooltip" time="0.048" classname="Scripts.ScriptExecution"/>
  <testcase name="VerifyNextbuttonWithoutSelectingForm" time="1.001" classname="Scripts.ScriptExecution"/>
  <testcase name="VerifyFormSelectPresenceOfData" time="1.009" classname="Scripts.ScriptExecution"/>
  <testcase name="VerifySelectPageFields" time="4.613" classname="Scripts.ScriptExecution"/>
  <testcase name="VerifyNextButtonFunctionalityWithoutFields" time="0.422" classname="Scripts.ScriptExecution"/>
  <testcase name="VerifyMoveFieldFromColumn1ToColumn2" time="3.829" classname="Scripts.ScriptExecution"/>
  <testcase name="VerifyMoveFieldFromColumn2ToColumn1" time="2.98" classname="Scripts.ScriptExecution"/>
  <testcase name="VerifyNextButtonFunctionalityWithFields" time="5.001" classname="Scripts.ScriptExecution"/>
  <testcase name="VerifyConditionPageTitle" time="0.087" classname="Scripts.ScriptExecution"/>
  <testcase name="SkipConditionPage" time="2.366" classname="Scripts.ScriptExecution"/>
  <testcase name="VerifyConditionSelectField" time="1.723" classname="Scripts.ScriptExecution"/>
  <testcase name="SelectValuefromFieldValue" time="0.259" classname="Scripts.ScriptExecution"/>
  <testcase name="VerifyConditionDropdown" time="0.575" classname="Scripts.ScriptExecution"/>
  <testcase name="selectconditionfield" time="0.248" classname="Scripts.ScriptExecution"/>
  <testcase name="VerifyValue1fieldWithSpecialChar" time="0.537" classname="Scripts.ScriptExecution"/>
  <testcase name="VerifyValidValue1field" time="0.216" classname="Scripts.ScriptExecution"/>
  <testcase name="VerifyValue2fieldDissable" time="2.08" classname="Scripts.ScriptExecution"/>
  <testcase name="VerifyValue2fieldWithBetweenCondition" time="0.268" classname="Scripts.ScriptExecution"/>
  <testcase name="VerifyAddRowButton" time="4.432" classname="Scripts.ScriptExecution"/>
  <testcase name="VerifyAddRowButtonWithMultipleRows" time="2.2" classname="Scripts.ScriptExecution"/>
  <testcase name="VerifyADDconditionButton" time="2.087" classname="Scripts.ScriptExecution"/>
  <testcase name="VerifyORconditionButton" time="2.07" classname="Scripts.ScriptExecution"/>
  <testcase name="VerifyBothButtonAreSelected" time="0.045" classname="Scripts.ScriptExecution"/>
  <testcase name="NavigateToDataSearchpage" time="2.291" classname="Scripts.ScriptExecution"/>
  <testcase name="NavigateToFilterPageToCheckData" time="2.32" classname="Scripts.ScriptExecution"/>
  <testcase name="VerifyRemoveRowButton" time="0.704" classname="Scripts.ScriptExecution"/>
  <testcase name="NavigateToExportPage" time="2.447" classname="Scripts.ScriptExecution"/>
  <testcase name="ExportFileDataTypeAsText" time="0.199" classname="Scripts.ScriptExecution"/>
  <testcase name="ExportFileDataTypeAsCSV" time="0.213" classname="Scripts.ScriptExecution"/>
  <testcase name="VerfiySeparatorFieldisDissabled" time="2.064" classname="Scripts.ScriptExecution"/>
  <testcase name="TextFileType_SeparatorFieldIsEnabled" time="0.24" classname="Scripts.ScriptExecution"/>
  <testcase name="VerifyFileNamewithCSVFiletype" time="2.229" classname="Scripts.ScriptExecution"/>
  <testcase name="VerifyFileNamewithTEXTFiletype" time="2.182" classname="Scripts.ScriptExecution"/>
  <testcase name="VerifyFileNameWithPageName" time="0.03" classname="Scripts.ScriptExecution"/>
  <testcase name="VerifyNavigatingToNextPageWithoutFileName" time="1.495" classname="Scripts.ScriptExecution"/>
  <testcase name="VerifyPresenceofDataonExportPage" time="2.048" classname="Scripts.ScriptExecution"/>
  <testcase name="VerifyWithHeaderFunctionality" time="3.053" classname="Scripts.ScriptExecution"/>
  <testcase name="VerifyWithQuoteFunctionality" time="2.401" classname="Scripts.ScriptExecution"/>
  <testcase name="ValidateWithQuoteIsDissable" time="0.197" classname="Scripts.ScriptExecution"/>
  <testcase name="NavigatingToCompletePage" time="2.511" classname="Scripts.ScriptExecution"/>
  <testcase name="ValidateExportDataMessageWithCondition" time="0.064" classname="Scripts.ScriptExecution"/>
  <testcase name="ValidateExportDataMessageWithoutCondition" time="5.42" classname="Scripts.ScriptExecution"/>
  <testcase name="ValidateFileIsDownloaded" time="4.023" classname="Scripts.ScriptExecution"/>
  <testcase name="NavigatingToPreviousPageFormCompletePage" time="2.492" classname="Scripts.ScriptExecution"/>
  <testcase name="NavigatingThroughIcons" time="2.392" classname="Scripts.ScriptExecution"/>
  <testcase name="NavigatingToCompletePageThroughIcons" time="2.278" classname="Scripts.ScriptExecution"/>
  <testcase name="EnterIncorrectDataAndValidate" time="3.738" classname="Scripts.ScriptExecution"/>
</testsuite> <!-- Default test -->
