<?xml version="1.0" encoding="UTF-8"?>
<!-- Generated by org.testng.reporters.JUnitXMLReporter -->
<testsuite hostname="Virat-pc" ignored="0" name="Default test" tests="56" failures="0" timestamp="21 Dec 2017 07:44:52 GMT" time="129.4" errors="0">
  <testcase name="LoadAllRepositoriesAndEnterURL" time="12.022" classname="Scripts.ScriptExecution"/>
  <testcase name="LoginToApp" time="8.647" classname="Scripts.ScriptExecution"/>
  <testcase name="ExportDataPresence" time="2.944" classname="Scripts.ScriptExecution"/>
  <testcase name="OpenExportdatawindow" time="5.403" classname="Scripts.ScriptExecution"/>
  <testcase name="VerfiyMandatoryFields" time="0.098" classname="Scripts.ScriptExecution"/>
  <testcase name="VerifyDataSearchTooltip" time="0.086" classname="Scripts.ScriptExecution"/>
  <testcase name="VerifyFilterTooltip" time="0.086" classname="Scripts.ScriptExecution"/>
  <testcase name="VerifyExportTooltip" time="0.056" classname="Scripts.ScriptExecution"/>
  <testcase name="VerifyCompleteTooltip" time="0.058" classname="Scripts.ScriptExecution"/>
  <testcase name="VerifyNextbuttonWithoutSelectingForm" time="0.918" classname="Scripts.ScriptExecution"/>
  <testcase name="VerifyFormSelectPresenceOfData" time="1.219" classname="Scripts.ScriptExecution"/>
  <testcase name="VerifySelectPageFields" time="4.94" classname="Scripts.ScriptExecution"/>
  <testcase name="VerifyNextButtonFunctionalityWithoutFields" time="0.918" classname="Scripts.ScriptExecution"/>
  <testcase name="VerifyMoveFieldFromColumn1ToColumn2" time="3.755" classname="Scripts.ScriptExecution"/>
  <testcase name="VerifyMoveFieldFromColumn2ToColumn1" time="3.061" classname="Scripts.ScriptExecution"/>
  <testcase name="VerifyNextButtonFunctionalityWithFields" time="5.511" classname="Scripts.ScriptExecution"/>
  <testcase name="VerifyConditionPageTitle" time="0.276" classname="Scripts.ScriptExecution"/>
  <testcase name="SkipConditionPage" time="2.81" classname="Scripts.ScriptExecution"/>
  <testcase name="VerifyConditionSelectField" time="1.833" classname="Scripts.ScriptExecution"/>
  <testcase name="SelectValuefromFieldValue" time="0.429" classname="Scripts.ScriptExecution"/>
  <testcase name="VerifyConditionDropdown" time="0.893" classname="Scripts.ScriptExecution"/>
  <testcase name="selectconditionfield" time="0.23" classname="Scripts.ScriptExecution"/>
  <testcase name="VerifyValue1fieldWithSpecialChar" time="0.833" classname="Scripts.ScriptExecution"/>
  <testcase name="VerifyValidValue1field" time="0.297" classname="Scripts.ScriptExecution"/>
  <testcase name="VerifyValue2fieldDissable" time="2.23" classname="Scripts.ScriptExecution"/>
  <testcase name="VerifyValue2fieldWithBetweenCondition" time="0.405" classname="Scripts.ScriptExecution"/>
  <testcase name="VerifyAddRowButton" time="4.527" classname="Scripts.ScriptExecution"/>
  <testcase name="VerifyAddRowButtonWithMultipleRows" time="2.297" classname="Scripts.ScriptExecution"/>
  <testcase name="VerifyADDconditionButton" time="2.08" classname="Scripts.ScriptExecution"/>
  <testcase name="VerifyORconditionButton" time="2.081" classname="Scripts.ScriptExecution"/>
  <testcase name="VerifyBothButtonAreSelected" time="0.078" classname="Scripts.ScriptExecution"/>
  <testcase name="NavigateToDataSearchpage" time="2.483" classname="Scripts.ScriptExecution"/>
  <testcase name="NavigateToFilterPageToCheckData" time="2.362" classname="Scripts.ScriptExecution"/>
  <testcase name="VerifyRemoveRowButton" time="0.979" classname="Scripts.ScriptExecution"/>
  <testcase name="NavigateToExportPage" time="2.91" classname="Scripts.ScriptExecution"/>
  <testcase name="ExportFileDataTypeAsText" time="0.25" classname="Scripts.ScriptExecution"/>
  <testcase name="ExportFileDataTypeAsCSV" time="0.441" classname="Scripts.ScriptExecution"/>
  <testcase name="VerfiySeparatorFieldisDissabled" time="2.08" classname="Scripts.ScriptExecution"/>
  <testcase name="TextFileType_SeparatorFieldIsEnabled" time="0.301" classname="Scripts.ScriptExecution"/>
  <testcase name="VerifyFileNamewithCSVFiletype" time="2.273" classname="Scripts.ScriptExecution"/>
  <testcase name="VerifyFileNamewithTEXTFiletype" time="2.259" classname="Scripts.ScriptExecution"/>
  <testcase name="VerifyFileNameWithPageName" time="0.047" classname="Scripts.ScriptExecution"/>
  <testcase name="VerifyNavigatingToNextPageWithoutFileName" time="2.267" classname="Scripts.ScriptExecution"/>
  <testcase name="VerifyPresenceofDataonExportPage" time="3.214" classname="Scripts.ScriptExecution"/>
  <testcase name="VerifyWithHeaderFunctionality" time="2.933" classname="Scripts.ScriptExecution"/>
  <testcase name="VerifyWithQuoteFunctionality" time="2.543" classname="Scripts.ScriptExecution"/>
  <testcase name="ValidateWithQuoteIsDissable" time="0.312" classname="Scripts.ScriptExecution"/>
  <testcase name="NavigatingToCompletePage" time="2.507" classname="Scripts.ScriptExecution"/>
  <testcase name="ValidateExportDataMessageWithCondition" time="0.086" classname="Scripts.ScriptExecution"/>
  <testcase name="ValidateExportDataMessageWithoutCondition" time="5.596" classname="Scripts.ScriptExecution"/>
  <testcase name="ValidateFileIsDownloaded" time="3.842" classname="Scripts.ScriptExecution"/>
  <testcase name="NavigatingToPreviousPageFormCompletePage" time="3.612" classname="Scripts.ScriptExecution"/>
  <testcase name="NavigatingThroughIcons" time="2.373" classname="Scripts.ScriptExecution"/>
  <testcase name="NavigatingToCompletePageThroughIcons" time="2.287" classname="Scripts.ScriptExecution"/>
  <testcase name="EnterIncorrectDataAndValidate" time="6.165" classname="Scripts.ScriptExecution"/>
  <testcase name="VerifyingDoneButton" time="2.942" classname="Scripts.ScriptExecution"/>
</testsuite> <!-- Default test -->
