<?xml version="1.0" encoding="UTF-8"?>
<testng-results skipped="0" failed="0" ignored="0" total="55" passed="55">
  <reporter-output>
    <line>
      <![CDATA[Open Browser and Entering the URL]]>
    </line>
    <line>
      <![CDATA[Login to the Application]]>
    </line>
    <line>
      <![CDATA[Login is successful]]>
    </line>
    <line>
      <![CDATA[Verify the presence of Export Data Functionality]]>
    </line>
    <line>
      <![CDATA[Testcase PASS]]>
    </line>
    <line>
      <![CDATA[Verify whether Export Data window is openning or not]]>
    </line>
    <line>
      <![CDATA[ExpectedResult= Export Data ActualResult= Export Data]]>
    </line>
    <line>
      <![CDATA[Testcase PASS]]>
    </line>
    <line>
      <![CDATA[Verify all the Manditory fields are present]]>
    </line>
    <line>
      <![CDATA[Mandatory Fields are present]]>
    </line>
    <line>
      <![CDATA[Testcase PASS]]>
    </line>
    <line>
      <![CDATA[Verify Tooltip for Data Search]]>
    </line>
    <line>
      <![CDATA[ActualToolTip is Data Search]]>
    </line>
    <line>
      <![CDATA[Testcase PASS]]>
    </line>
    <line>
      <![CDATA[Verify Tooltip for Filter]]>
    </line>
    <line>
      <![CDATA[ActualToolTip is Filter]]>
    </line>
    <line>
      <![CDATA[Testcase PASS]]>
    </line>
    <line>
      <![CDATA[Verify Tooltip for Export]]>
    </line>
    <line>
      <![CDATA[ActualToolTip is Export]]>
    </line>
    <line>
      <![CDATA[Testcase PASS]]>
    </line>
    <line>
      <![CDATA[Verify Tooltip for Complete]]>
    </line>
    <line>
      <![CDATA[ActualToolTip is Complete]]>
    </line>
    <line>
      <![CDATA[Testcase PASS]]>
    </line>
    <line>
      <![CDATA[Verify Next button functionality without selecting Form/Page]]>
    </line>
    <line>
      <![CDATA[Alert Message 'Please select form.']]>
    </line>
    <line>
      <![CDATA[Selecting the Form/Page from dropdown and verify the presence of data]]>
    </line>
    <line>
      <![CDATA[Total Records10]]>
    </line>
    <line>
      <![CDATA[Apply for Leave]]>
    </line>
    <line>
      <![CDATA[Customer]]>
    </line>
    <line>
      <![CDATA[Employee]]>
    </line>
    <line>
      <![CDATA[Mytest]]>
    </line>
    <line>
      <![CDATA[PersonDetails]]>
    </line>
    <line>
      <![CDATA[Sales Data]]>
    </line>
    <line>
      <![CDATA[SchoolTable]]>
    </line>
    <line>
      <![CDATA[Stock_Data]]>
    </line>
    <line>
      <![CDATA[StudentTable]]>
    </line>
    <line>
      <![CDATA[tstwl]]>
    </line>
    <line>
      <![CDATA[Verify the functionality of 'Select Form' dropdown field]]>
    </line>
    <line>
      <![CDATA[Testcase PASS]]>
    </line>
    <line>
      <![CDATA[Verify Next button functionality without selecting fields to column2]]>
    </line>
    <line>
      <![CDATA[Alert Message 'Please select fields.']]>
    </line>
    <line>
      <![CDATA[Move the Fields from column1 to column2]]>
    </line>
    <line>
      <![CDATA[Testcase PASS]]>
    </line>
    <line>
      <![CDATA[Move fields form column2 to column1]]>
    </line>
    <line>
      <![CDATA[Testcase PASS]]>
    </line>
    <line>
      <![CDATA[Verify Next Button functionality along with fields]]>
    </line>
    <line>
      <![CDATA[Testcase PASS]]>
    </line>
    <line>
      <![CDATA[Testcase PASS]]>
    </line>
    <line>
      <![CDATA[Verify the title of condition Page]]>
    </line>
    <line>
      <![CDATA[ExpectedResult= Conditions ActualResult= Conditions]]>
    </line>
    <line>
      <![CDATA[Testcase PASS]]>
    </line>
    <line>
      <![CDATA[Skipping Condition Page and clicking on Next Button and Navigating to Export Page]]>
    </line>
    <line>
      <![CDATA[Testcase PASS]]>
    </line>
    <line>
      <![CDATA[Verify the functionality of select 'Field' dropdown on condition page]]>
    </line>
    <line>
      <![CDATA[Field has 3 values]]>
    </line>
    <line>
      <![CDATA[Testcase PASS]]>
    </line>
    <line>
      <![CDATA[Selecting the value from select dropdown field]]>
    </line>
    <line>
      <![CDATA[selecting name value from dropdown]]>
    </line>
    <line>
      <![CDATA[Verify the functionality of Condition Dropdown field]]>
    </line>
    <line>
      <![CDATA[Total Records9]]>
    </line>
    <line>
      <![CDATA[Equal to]]>
    </line>
    <line>
      <![CDATA[Not Equal to]]>
    </line>
    <line>
      <![CDATA[Less Than]]>
    </line>
    <line>
      <![CDATA[Greater Than]]>
    </line>
    <line>
      <![CDATA[Less Than or Equal to]]>
    </line>
    <line>
      <![CDATA[Greater Than or Equal to]]>
    </line>
    <line>
      <![CDATA[Between]]>
    </line>
    <line>
      <![CDATA[Starts With]]>
    </line>
    <line>
      <![CDATA[Ends With]]>
    </line>
    <line>
      <![CDATA[Selecting 'EqualTo' value in 'Condition' dropdown field]]>
    </line>
    <line>
      <![CDATA[selecting = value from dropdown]]>
    </line>
    <line>
      <![CDATA[Verify the functionality of Value1 Field with Special characters]]>
    </line>
    <line>
      <![CDATA[Verify the functionality of Value1 Field With correct data]]>
    </line>
    <line>
      <![CDATA[Verify Value2 Field is dissable]]>
    </line>
    <line>
      <![CDATA[Testcase PASS]]>
    </line>
    <line>
      <![CDATA[Verify Value2 Field with 'BETWEEN' Condition, and value-2 field is enabled]]>
    </line>
    <line>
      <![CDATA[Field is Enabled]]>
    </line>
    <line>
      <![CDATA[Testcase PASS]]>
    </line>
    <line>
      <![CDATA[Validating Add Condition button and it is adding new row or not]]>
    </line>
    <line>
      <![CDATA[Testcase PASS]]>
    </line>
    <line>
      <![CDATA[Testcase PASS]]>
    </line>
    <line>
      <![CDATA[Verifying Add Rows by adding multple rows for conditions(Adding 3-Rows)]]>
    </line>
    <line>
      <![CDATA[Testcase PASS]]>
    </line>
    <line>
      <![CDATA[Validating ADD condition button on filter page]]>
    </line>
    <line>
      <![CDATA[Testcase PASS]]>
    </line>
    <line>
      <![CDATA[Validating OR condition button on filter page]]>
    </line>
    <line>
      <![CDATA[Testcase PASS]]>
    </line>
    <line>
      <![CDATA[Verifying both conditions buttons are selected at the same time]]>
    </line>
    <line>
      <![CDATA[Selected Radio button is OR condition Button]]>
    </line>
    <line>
      <![CDATA[Testcase PASS]]>
    </line>
    <line>
      <![CDATA[After adding or deleting the conditions rows, Navigating to Data Search Page]]>
    </line>
    <line>
      <![CDATA[Testcase PASS]]>
    </line>
    <line>
      <![CDATA[Navigating to Filter Page and check the presence of data]]>
    </line>
    <line>
      <![CDATA[Testcase PASS]]>
    </line>
    <line>
      <![CDATA[Validating Remove Condition button and it is removing added rows]]>
    </line>
    <line>
      <![CDATA[Selecting 'EqualTo' value in 'Condition' dropdown field]]>
    </line>
    <line>
      <![CDATA[selecting = value from dropdown]]>
    </line>
    <line>
      <![CDATA[Clicking on NextButton,navigating to Export Page]]>
    </line>
    <line>
      <![CDATA[Selecting 'EqualTo' value in 'Condition' dropdown field]]>
    </line>
    <line>
      <![CDATA[selecting = value from dropdown]]>
    </line>
    <line>
      <![CDATA[Testcase PASS]]>
    </line>
    <line>
      <![CDATA[Selecting 'Text' File Type from FileType Dropdown]]>
    </line>
    <line>
      <![CDATA[Selecting 'CSV' File Type from FileType Dropdown]]>
    </line>
    <line>
      <![CDATA[Selecting 'CSV' as File and check whether 'Separator' field is dissabled]]>
    </line>
    <line>
      <![CDATA[Testcase PASS]]>
    </line>
    <line>
      <![CDATA[Selecting FileType as Text,and check whether 'Separator' Field is Enabled]]>
    </line>
    <line>
      <![CDATA[Selecting FileType as CSV,and check FileName with extension]]>
    </line>
    <line>
      <![CDATA[Selected FileName is 'Customer.csv']]>
    </line>
    <line>
      <![CDATA[Testcase PASS]]>
    </line>
    <line>
      <![CDATA[Selecting FileType as TEXT,and check FileName with extension]]>
    </line>
    <line>
      <![CDATA[Selected FileName is 'Customer.txt']]>
    </line>
    <line>
      <![CDATA[Testcase PASS]]>
    </line>
    <line>
      <![CDATA[Validating FileName with selected Page/Form]]>
    </line>
    <line>
      <![CDATA[FileName is 'Customer.txt']]>
    </line>
    <line>
      <![CDATA[Testcase PASS]]>
    </line>
    <line>
      <![CDATA[Verifying without Filename navigating to Next Page]]>
    </line>
    <line>
      <![CDATA[Alert Message 'Please enter file name.']]>
    </line>
    <line>
      <![CDATA[Verifying after navigationg to previous and again naviagating to Export page data is present or not]]>
    </line>
    <line>
      <![CDATA[FileName is 'Customer.txt']]>
    </line>
    <line>
      <![CDATA[Testcase PASS]]>
    </line>
    <line>
      <![CDATA[Selecting 'With Header' Checkbox]]>
    </line>
    <line>
      <![CDATA[Testcase PASS]]>
    </line>
    <line>
      <![CDATA[Selecting 'With Quote' checkbox if TEXT filetype is selected]]>
    </line>
    <line>
      <![CDATA['With Quote' Selected  ]]>
    </line>
    <line>
      <![CDATA[Testcase PASS]]>
    </line>
    <line>
      <![CDATA[Validate 'WithQuote' is dissable when selected filetype is CSV]]>
    </line>
    <line>
      <![CDATA[Testcase FAIL]]>
    </line>
    <line>
      <![CDATA[Navigationg to COMLETE Page]]>
    </line>
    <line>
      <![CDATA[Testcase PASS]]>
    </line>
    <line>
      <![CDATA[Navigating to Complete Page and validate the message shown after records gets Exported With Conditions]]>
    </line>
    <line>
      <![CDATA[Alert Message '1 - records successfully exported.']]>
    </line>
    <line>
      <![CDATA[Navigating to Complete Page and validate the message shown after records gets Exported without conditions]]>
    </line>
    <line>
      <![CDATA[Alert Message '2 - records successfully exported.']]>
    </line>
    <line>
      <![CDATA[On Click of Download validating file is downloaded or not]]>
    </line>
    <line>
      <![CDATA[Navigationg To any previous(ExportPage) from Complete Page]]>
    </line>
    <line>
      <![CDATA[Testcase PASS]]>
    </line>
    <line>
      <![CDATA[Navigationg To any page throwugh icons]]>
    </line>
    <line>
      <![CDATA[Testcase PASS]]>
    </line>
    <line>
      <![CDATA[Navigationg To Complete page throwugh icons]]>
    </line>
    <line>
      <![CDATA[Testcase PASS]]>
    </line>
    <line>
      <![CDATA[Entering Incorrect Data and validating it is throwing message or not]]>
    </line>
    <line>
      <![CDATA[selecting name value from dropdown]]>
    </line>
    <line>
      <![CDATA[selecting = value from dropdown]]>
    </line>
    <line>
      <![CDATA[Alert Message 'No Data to export.']]>
    </line>
  </reporter-output>
  <suite name="Default suite" duration-ms="117332" started-at="2017-12-21T07:17:45Z" finished-at="2017-12-21T07:19:43Z">
    <groups>
    </groups>
    <test name="Default test" duration-ms="117332" started-at="2017-12-21T07:17:45Z" finished-at="2017-12-21T07:19:43Z">
      <class name="Scripts.ScriptExecution">
        <test-method status="PASS" signature="beforeMethod(java.lang.reflect.Method)[pri:0, instance:Scripts.ScriptExecution@11f8236]" name="beforeMethod" is-config="true" duration-ms="32" started-at="2017-12-21T12:47:45Z" finished-at="2017-12-21T12:47:45Z">
          <params>
            <param index="0">
              <value>
                <![CDATA[public void Scripts.ScriptExecution.LoadAllRepositoriesAndEnterURL() throws java.lang.Exception]]>
              </value>
            </param>
          </params>
          <reporter-output>
          </reporter-output>
        </test-method> <!-- beforeMethod -->
        <test-method status="PASS" signature="LoadAllRepositoriesAndEnterURL()[pri:0, instance:Scripts.ScriptExecution@11f8236]" name="LoadAllRepositoriesAndEnterURL" duration-ms="13132" started-at="2017-12-21T12:47:45Z" finished-at="2017-12-21T12:47:59Z">
          <reporter-output>
            <line>
              <![CDATA[Open Browser and Entering the URL]]>
            </line>
          </reporter-output>
        </test-method> <!-- LoadAllRepositoriesAndEnterURL -->
        <test-method status="PASS" signature="afterMethod(org.testng.ITestResult)[pri:0, instance:Scripts.ScriptExecution@11f8236]" name="afterMethod" is-config="true" duration-ms="2" started-at="2017-12-21T12:47:59Z" finished-at="2017-12-21T12:47:59Z">
          <params>
            <param index="0">
              <value>
                <![CDATA[[TestResult name=LoadAllRepositoriesAndEnterURL status=SUCCESS method=ScriptExecution.LoadAllRepositoriesAndEnterURL()[pri:0, instance:Scripts.ScriptExecution@11f8236] output=Open Browser and Entering the URL]]]>
              </value>
            </param>
          </params>
          <reporter-output>
          </reporter-output>
        </test-method> <!-- afterMethod -->
        <test-method status="PASS" signature="LoginToApp()[pri:1, instance:Scripts.ScriptExecution@11f8236]" name="LoginToApp" duration-ms="9481" started-at="2017-12-21T12:47:59Z" finished-at="2017-12-21T12:48:08Z">
          <reporter-output>
            <line>
              <![CDATA[Login to the Application]]>
            </line>
            <line>
              <![CDATA[Login is successful]]>
            </line>
          </reporter-output>
        </test-method> <!-- LoginToApp -->
        <test-method status="PASS" signature="beforeMethod(java.lang.reflect.Method)[pri:0, instance:Scripts.ScriptExecution@11f8236]" name="beforeMethod" is-config="true" duration-ms="0" started-at="2017-12-21T12:47:59Z" finished-at="2017-12-21T12:47:59Z">
          <params>
            <param index="0">
              <value>
                <![CDATA[public void Scripts.ScriptExecution.LoginToApp() throws java.lang.Exception]]>
              </value>
            </param>
          </params>
          <reporter-output>
          </reporter-output>
        </test-method> <!-- beforeMethod -->
        <test-method status="PASS" signature="afterMethod(org.testng.ITestResult)[pri:0, instance:Scripts.ScriptExecution@11f8236]" name="afterMethod" is-config="true" duration-ms="0" started-at="2017-12-21T12:48:08Z" finished-at="2017-12-21T12:48:08Z">
          <params>
            <param index="0">
              <value>
                <![CDATA[[TestResult name=LoginToApp status=SUCCESS method=ScriptExecution.LoginToApp()[pri:1, instance:Scripts.ScriptExecution@11f8236] output=Login to the Application]]]>
              </value>
            </param>
          </params>
          <reporter-output>
          </reporter-output>
        </test-method> <!-- afterMethod -->
        <test-method status="PASS" signature="ExportDataPresence()[pri:2, instance:Scripts.ScriptExecution@11f8236]" name="ExportDataPresence" duration-ms="2573" started-at="2017-12-21T12:48:08Z" finished-at="2017-12-21T12:48:11Z">
          <reporter-output>
            <line>
              <![CDATA[Verify the presence of Export Data Functionality]]>
            </line>
            <line>
              <![CDATA[Testcase PASS]]>
            </line>
          </reporter-output>
        </test-method> <!-- ExportDataPresence -->
        <test-method status="PASS" signature="beforeMethod(java.lang.reflect.Method)[pri:0, instance:Scripts.ScriptExecution@11f8236]" name="beforeMethod" is-config="true" duration-ms="0" started-at="2017-12-21T12:48:08Z" finished-at="2017-12-21T12:48:08Z">
          <params>
            <param index="0">
              <value>
                <![CDATA[public void Scripts.ScriptExecution.ExportDataPresence() throws java.lang.Exception]]>
              </value>
            </param>
          </params>
          <reporter-output>
          </reporter-output>
        </test-method> <!-- beforeMethod -->
        <test-method status="PASS" signature="afterMethod(org.testng.ITestResult)[pri:0, instance:Scripts.ScriptExecution@11f8236]" name="afterMethod" is-config="true" duration-ms="1" started-at="2017-12-21T12:48:11Z" finished-at="2017-12-21T12:48:11Z">
          <params>
            <param index="0">
              <value>
                <![CDATA[[TestResult name=ExportDataPresence status=SUCCESS method=ScriptExecution.ExportDataPresence()[pri:2, instance:Scripts.ScriptExecution@11f8236] output=Verify the presence of Export Data Functionality]]]>
              </value>
            </param>
          </params>
          <reporter-output>
          </reporter-output>
        </test-method> <!-- afterMethod -->
        <test-method status="PASS" signature="beforeMethod(java.lang.reflect.Method)[pri:0, instance:Scripts.ScriptExecution@11f8236]" name="beforeMethod" is-config="true" duration-ms="1" started-at="2017-12-21T12:48:11Z" finished-at="2017-12-21T12:48:11Z">
          <params>
            <param index="0">
              <value>
                <![CDATA[public void Scripts.ScriptExecution.OpenExportdatawindow() throws java.lang.Exception]]>
              </value>
            </param>
          </params>
          <reporter-output>
          </reporter-output>
        </test-method> <!-- beforeMethod -->
        <test-method status="PASS" signature="OpenExportdatawindow()[pri:3, instance:Scripts.ScriptExecution@11f8236]" name="OpenExportdatawindow" duration-ms="5325" started-at="2017-12-21T12:48:11Z" finished-at="2017-12-21T12:48:16Z">
          <reporter-output>
            <line>
              <![CDATA[Verify whether Export Data window is openning or not]]>
            </line>
            <line>
              <![CDATA[ExpectedResult= Export Data ActualResult= Export Data]]>
            </line>
            <line>
              <![CDATA[Testcase PASS]]>
            </line>
          </reporter-output>
        </test-method> <!-- OpenExportdatawindow -->
        <test-method status="PASS" signature="afterMethod(org.testng.ITestResult)[pri:0, instance:Scripts.ScriptExecution@11f8236]" name="afterMethod" is-config="true" duration-ms="0" started-at="2017-12-21T12:48:16Z" finished-at="2017-12-21T12:48:16Z">
          <params>
            <param index="0">
              <value>
                <![CDATA[[TestResult name=OpenExportdatawindow status=SUCCESS method=ScriptExecution.OpenExportdatawindow()[pri:3, instance:Scripts.ScriptExecution@11f8236] output=Verify whether Export Data window is openning or not]]]>
              </value>
            </param>
          </params>
          <reporter-output>
          </reporter-output>
        </test-method> <!-- afterMethod -->
        <test-method status="PASS" signature="beforeMethod(java.lang.reflect.Method)[pri:0, instance:Scripts.ScriptExecution@11f8236]" name="beforeMethod" is-config="true" duration-ms="0" started-at="2017-12-21T12:48:16Z" finished-at="2017-12-21T12:48:16Z">
          <params>
            <param index="0">
              <value>
                <![CDATA[public void Scripts.ScriptExecution.VerfiyMandatoryFields() throws java.lang.Exception]]>
              </value>
            </param>
          </params>
          <reporter-output>
          </reporter-output>
        </test-method> <!-- beforeMethod -->
        <test-method status="PASS" signature="VerfiyMandatoryFields()[pri:4, instance:Scripts.ScriptExecution@11f8236]" name="VerfiyMandatoryFields" duration-ms="85" started-at="2017-12-21T12:48:16Z" finished-at="2017-12-21T12:48:16Z">
          <reporter-output>
            <line>
              <![CDATA[Verify all the Manditory fields are present]]>
            </line>
            <line>
              <![CDATA[Mandatory Fields are present]]>
            </line>
            <line>
              <![CDATA[Testcase PASS]]>
            </line>
          </reporter-output>
        </test-method> <!-- VerfiyMandatoryFields -->
        <test-method status="PASS" signature="afterMethod(org.testng.ITestResult)[pri:0, instance:Scripts.ScriptExecution@11f8236]" name="afterMethod" is-config="true" duration-ms="0" started-at="2017-12-21T12:48:16Z" finished-at="2017-12-21T12:48:16Z">
          <params>
            <param index="0">
              <value>
                <![CDATA[[TestResult name=VerfiyMandatoryFields status=SUCCESS method=ScriptExecution.VerfiyMandatoryFields()[pri:4, instance:Scripts.ScriptExecution@11f8236] output=Verify all the Manditory fields are present]]]>
              </value>
            </param>
          </params>
          <reporter-output>
          </reporter-output>
        </test-method> <!-- afterMethod -->
        <test-method status="PASS" signature="VerifyDataSearchTooltip()[pri:5, instance:Scripts.ScriptExecution@11f8236]" name="VerifyDataSearchTooltip" duration-ms="208" started-at="2017-12-21T12:48:16Z" finished-at="2017-12-21T12:48:16Z">
          <reporter-output>
            <line>
              <![CDATA[Verify Tooltip for Data Search]]>
            </line>
            <line>
              <![CDATA[ActualToolTip is Data Search]]>
            </line>
            <line>
              <![CDATA[Testcase PASS]]>
            </line>
          </reporter-output>
        </test-method> <!-- VerifyDataSearchTooltip -->
        <test-method status="PASS" signature="beforeMethod(java.lang.reflect.Method)[pri:0, instance:Scripts.ScriptExecution@11f8236]" name="beforeMethod" is-config="true" duration-ms="0" started-at="2017-12-21T12:48:16Z" finished-at="2017-12-21T12:48:16Z">
          <params>
            <param index="0">
              <value>
                <![CDATA[public void Scripts.ScriptExecution.VerifyDataSearchTooltip() throws java.lang.Exception]]>
              </value>
            </param>
          </params>
          <reporter-output>
          </reporter-output>
        </test-method> <!-- beforeMethod -->
        <test-method status="PASS" signature="afterMethod(org.testng.ITestResult)[pri:0, instance:Scripts.ScriptExecution@11f8236]" name="afterMethod" is-config="true" duration-ms="0" started-at="2017-12-21T12:48:16Z" finished-at="2017-12-21T12:48:16Z">
          <params>
            <param index="0">
              <value>
                <![CDATA[[TestResult name=VerifyDataSearchTooltip status=SUCCESS method=ScriptExecution.VerifyDataSearchTooltip()[pri:5, instance:Scripts.ScriptExecution@11f8236] output=Verify Tooltip for Data Search]]]>
              </value>
            </param>
          </params>
          <reporter-output>
          </reporter-output>
        </test-method> <!-- afterMethod -->
        <test-method status="PASS" signature="VerifyFilterTooltip()[pri:6, instance:Scripts.ScriptExecution@11f8236]" name="VerifyFilterTooltip" duration-ms="47" started-at="2017-12-21T12:48:16Z" finished-at="2017-12-21T12:48:16Z">
          <reporter-output>
            <line>
              <![CDATA[Verify Tooltip for Filter]]>
            </line>
            <line>
              <![CDATA[ActualToolTip is Filter]]>
            </line>
            <line>
              <![CDATA[Testcase PASS]]>
            </line>
          </reporter-output>
        </test-method> <!-- VerifyFilterTooltip -->
        <test-method status="PASS" signature="beforeMethod(java.lang.reflect.Method)[pri:0, instance:Scripts.ScriptExecution@11f8236]" name="beforeMethod" is-config="true" duration-ms="0" started-at="2017-12-21T12:48:16Z" finished-at="2017-12-21T12:48:16Z">
          <params>
            <param index="0">
              <value>
                <![CDATA[public void Scripts.ScriptExecution.VerifyFilterTooltip() throws java.lang.Exception]]>
              </value>
            </param>
          </params>
          <reporter-output>
          </reporter-output>
        </test-method> <!-- beforeMethod -->
        <test-method status="PASS" signature="afterMethod(org.testng.ITestResult)[pri:0, instance:Scripts.ScriptExecution@11f8236]" name="afterMethod" is-config="true" duration-ms="0" started-at="2017-12-21T12:48:16Z" finished-at="2017-12-21T12:48:16Z">
          <params>
            <param index="0">
              <value>
                <![CDATA[[TestResult name=VerifyFilterTooltip status=SUCCESS method=ScriptExecution.VerifyFilterTooltip()[pri:6, instance:Scripts.ScriptExecution@11f8236] output=Verify Tooltip for Filter]]]>
              </value>
            </param>
          </params>
          <reporter-output>
          </reporter-output>
        </test-method> <!-- afterMethod -->
        <test-method status="PASS" signature="VerifyExportTooltip()[pri:7, instance:Scripts.ScriptExecution@11f8236]" name="VerifyExportTooltip" duration-ms="51" started-at="2017-12-21T12:48:16Z" finished-at="2017-12-21T12:48:16Z">
          <reporter-output>
            <line>
              <![CDATA[Verify Tooltip for Export]]>
            </line>
            <line>
              <![CDATA[ActualToolTip is Export]]>
            </line>
            <line>
              <![CDATA[Testcase PASS]]>
            </line>
          </reporter-output>
        </test-method> <!-- VerifyExportTooltip -->
        <test-method status="PASS" signature="beforeMethod(java.lang.reflect.Method)[pri:0, instance:Scripts.ScriptExecution@11f8236]" name="beforeMethod" is-config="true" duration-ms="0" started-at="2017-12-21T12:48:16Z" finished-at="2017-12-21T12:48:16Z">
          <params>
            <param index="0">
              <value>
                <![CDATA[public void Scripts.ScriptExecution.VerifyExportTooltip() throws java.lang.Exception]]>
              </value>
            </param>
          </params>
          <reporter-output>
          </reporter-output>
        </test-method> <!-- beforeMethod -->
        <test-method status="PASS" signature="afterMethod(org.testng.ITestResult)[pri:0, instance:Scripts.ScriptExecution@11f8236]" name="afterMethod" is-config="true" duration-ms="0" started-at="2017-12-21T12:48:16Z" finished-at="2017-12-21T12:48:16Z">
          <params>
            <param index="0">
              <value>
                <![CDATA[[TestResult name=VerifyExportTooltip status=SUCCESS method=ScriptExecution.VerifyExportTooltip()[pri:7, instance:Scripts.ScriptExecution@11f8236] output=Verify Tooltip for Export]]]>
              </value>
            </param>
          </params>
          <reporter-output>
          </reporter-output>
        </test-method> <!-- afterMethod -->
        <test-method status="PASS" signature="VerifyCompleteTooltip()[pri:8, instance:Scripts.ScriptExecution@11f8236]" name="VerifyCompleteTooltip" duration-ms="48" started-at="2017-12-21T12:48:16Z" finished-at="2017-12-21T12:48:16Z">
          <reporter-output>
            <line>
              <![CDATA[Verify Tooltip for Complete]]>
            </line>
            <line>
              <![CDATA[ActualToolTip is Complete]]>
            </line>
            <line>
              <![CDATA[Testcase PASS]]>
            </line>
          </reporter-output>
        </test-method> <!-- VerifyCompleteTooltip -->
        <test-method status="PASS" signature="beforeMethod(java.lang.reflect.Method)[pri:0, instance:Scripts.ScriptExecution@11f8236]" name="beforeMethod" is-config="true" duration-ms="0" started-at="2017-12-21T12:48:16Z" finished-at="2017-12-21T12:48:16Z">
          <params>
            <param index="0">
              <value>
                <![CDATA[public void Scripts.ScriptExecution.VerifyCompleteTooltip() throws java.lang.Exception]]>
              </value>
            </param>
          </params>
          <reporter-output>
          </reporter-output>
        </test-method> <!-- beforeMethod -->
        <test-method status="PASS" signature="afterMethod(org.testng.ITestResult)[pri:0, instance:Scripts.ScriptExecution@11f8236]" name="afterMethod" is-config="true" duration-ms="0" started-at="2017-12-21T12:48:16Z" finished-at="2017-12-21T12:48:16Z">
          <params>
            <param index="0">
              <value>
                <![CDATA[[TestResult name=VerifyCompleteTooltip status=SUCCESS method=ScriptExecution.VerifyCompleteTooltip()[pri:8, instance:Scripts.ScriptExecution@11f8236] output=Verify Tooltip for Complete]]]>
              </value>
            </param>
          </params>
          <reporter-output>
          </reporter-output>
        </test-method> <!-- afterMethod -->
        <test-method status="PASS" signature="beforeMethod(java.lang.reflect.Method)[pri:0, instance:Scripts.ScriptExecution@11f8236]" name="beforeMethod" is-config="true" duration-ms="1" started-at="2017-12-21T12:48:16Z" finished-at="2017-12-21T12:48:16Z">
          <params>
            <param index="0">
              <value>
                <![CDATA[public void Scripts.ScriptExecution.VerifyNextbuttonWithoutSelectingForm() throws java.lang.Exception]]>
              </value>
            </param>
          </params>
          <reporter-output>
          </reporter-output>
        </test-method> <!-- beforeMethod -->
        <test-method status="PASS" signature="VerifyNextbuttonWithoutSelectingForm()[pri:9, instance:Scripts.ScriptExecution@11f8236]" name="VerifyNextbuttonWithoutSelectingForm" duration-ms="1001" started-at="2017-12-21T12:48:16Z" finished-at="2017-12-21T12:48:17Z">
          <reporter-output>
            <line>
              <![CDATA[Verify Next button functionality without selecting Form/Page]]>
            </line>
            <line>
              <![CDATA[Alert Message 'Please select form.']]>
            </line>
          </reporter-output>
        </test-method> <!-- VerifyNextbuttonWithoutSelectingForm -->
        <test-method status="PASS" signature="afterMethod(org.testng.ITestResult)[pri:0, instance:Scripts.ScriptExecution@11f8236]" name="afterMethod" is-config="true" duration-ms="1" started-at="2017-12-21T12:48:17Z" finished-at="2017-12-21T12:48:17Z">
          <params>
            <param index="0">
              <value>
                <![CDATA[[TestResult name=VerifyNextbuttonWithoutSelectingForm status=SUCCESS method=ScriptExecution.VerifyNextbuttonWithoutSelectingForm()[pri:9, instance:Scripts.ScriptExecution@11f8236] output=Verify Next button functionality without selecting Form/Page]]]>
              </value>
            </param>
          </params>
          <reporter-output>
          </reporter-output>
        </test-method> <!-- afterMethod -->
        <test-method status="PASS" signature="beforeMethod(java.lang.reflect.Method)[pri:0, instance:Scripts.ScriptExecution@11f8236]" name="beforeMethod" is-config="true" duration-ms="1" started-at="2017-12-21T12:48:17Z" finished-at="2017-12-21T12:48:17Z">
          <params>
            <param index="0">
              <value>
                <![CDATA[public void Scripts.ScriptExecution.VerifyFormSelectPresenceOfData() throws java.lang.Exception]]>
              </value>
            </param>
          </params>
          <reporter-output>
          </reporter-output>
        </test-method> <!-- beforeMethod -->
        <test-method status="PASS" signature="VerifyFormSelectPresenceOfData()[pri:10, instance:Scripts.ScriptExecution@11f8236]" name="VerifyFormSelectPresenceOfData" duration-ms="1009" started-at="2017-12-21T12:48:17Z" finished-at="2017-12-21T12:48:18Z">
          <reporter-output>
            <line>
              <![CDATA[Selecting the Form/Page from dropdown and verify the presence of data]]>
            </line>
            <line>
              <![CDATA[Total Records10]]>
            </line>
            <line>
              <![CDATA[Apply for Leave]]>
            </line>
            <line>
              <![CDATA[Customer]]>
            </line>
            <line>
              <![CDATA[Employee]]>
            </line>
            <line>
              <![CDATA[Mytest]]>
            </line>
            <line>
              <![CDATA[PersonDetails]]>
            </line>
            <line>
              <![CDATA[Sales Data]]>
            </line>
            <line>
              <![CDATA[SchoolTable]]>
            </line>
            <line>
              <![CDATA[Stock_Data]]>
            </line>
            <line>
              <![CDATA[StudentTable]]>
            </line>
            <line>
              <![CDATA[tstwl]]>
            </line>
          </reporter-output>
        </test-method> <!-- VerifyFormSelectPresenceOfData -->
        <test-method status="PASS" signature="afterMethod(org.testng.ITestResult)[pri:0, instance:Scripts.ScriptExecution@11f8236]" name="afterMethod" is-config="true" duration-ms="0" started-at="2017-12-21T12:48:18Z" finished-at="2017-12-21T12:48:18Z">
          <params>
            <param index="0">
              <value>
                <![CDATA[[TestResult name=VerifyFormSelectPresenceOfData status=SUCCESS method=ScriptExecution.VerifyFormSelectPresenceOfData()[pri:10, instance:Scripts.ScriptExecution@11f8236] output=Selecting the Form/Page from dropdown and verify the presence of data]]]>
              </value>
            </param>
          </params>
          <reporter-output>
          </reporter-output>
        </test-method> <!-- afterMethod -->
        <test-method status="PASS" signature="beforeMethod(java.lang.reflect.Method)[pri:0, instance:Scripts.ScriptExecution@11f8236]" name="beforeMethod" is-config="true" duration-ms="1" started-at="2017-12-21T12:48:18Z" finished-at="2017-12-21T12:48:18Z">
          <params>
            <param index="0">
              <value>
                <![CDATA[public void Scripts.ScriptExecution.VerifySelectPageFields() throws java.lang.Exception]]>
              </value>
            </param>
          </params>
          <reporter-output>
          </reporter-output>
        </test-method> <!-- beforeMethod -->
        <test-method status="PASS" signature="VerifySelectPageFields()[pri:11, instance:Scripts.ScriptExecution@11f8236]" name="VerifySelectPageFields" duration-ms="4613" started-at="2017-12-21T12:48:18Z" finished-at="2017-12-21T12:48:23Z">
          <reporter-output>
            <line>
              <![CDATA[Verify the functionality of 'Select Form' dropdown field]]>
            </line>
            <line>
              <![CDATA[Testcase PASS]]>
            </line>
          </reporter-output>
        </test-method> <!-- VerifySelectPageFields -->
        <test-method status="PASS" signature="afterMethod(org.testng.ITestResult)[pri:0, instance:Scripts.ScriptExecution@11f8236]" name="afterMethod" is-config="true" duration-ms="0" started-at="2017-12-21T12:48:23Z" finished-at="2017-12-21T12:48:23Z">
          <params>
            <param index="0">
              <value>
                <![CDATA[[TestResult name=VerifySelectPageFields status=SUCCESS method=ScriptExecution.VerifySelectPageFields()[pri:11, instance:Scripts.ScriptExecution@11f8236] output=Verify the functionality of 'Select Form' dropdown field]]]>
              </value>
            </param>
          </params>
          <reporter-output>
          </reporter-output>
        </test-method> <!-- afterMethod -->
        <test-method status="PASS" signature="VerifyNextButtonFunctionalityWithoutFields()[pri:12, instance:Scripts.ScriptExecution@11f8236]" name="VerifyNextButtonFunctionalityWithoutFields" duration-ms="422" started-at="2017-12-21T12:48:23Z" finished-at="2017-12-21T12:48:23Z">
          <reporter-output>
            <line>
              <![CDATA[Verify Next button functionality without selecting fields to column2]]>
            </line>
            <line>
              <![CDATA[Alert Message 'Please select fields.']]>
            </line>
          </reporter-output>
        </test-method> <!-- VerifyNextButtonFunctionalityWithoutFields -->
        <test-method status="PASS" signature="beforeMethod(java.lang.reflect.Method)[pri:0, instance:Scripts.ScriptExecution@11f8236]" name="beforeMethod" is-config="true" duration-ms="0" started-at="2017-12-21T12:48:23Z" finished-at="2017-12-21T12:48:23Z">
          <params>
            <param index="0">
              <value>
                <![CDATA[public void Scripts.ScriptExecution.VerifyNextButtonFunctionalityWithoutFields() throws java.lang.Exception]]>
              </value>
            </param>
          </params>
          <reporter-output>
          </reporter-output>
        </test-method> <!-- beforeMethod -->
        <test-method status="PASS" signature="afterMethod(org.testng.ITestResult)[pri:0, instance:Scripts.ScriptExecution@11f8236]" name="afterMethod" is-config="true" duration-ms="0" started-at="2017-12-21T12:48:23Z" finished-at="2017-12-21T12:48:23Z">
          <params>
            <param index="0">
              <value>
                <![CDATA[[TestResult name=VerifyNextButtonFunctionalityWithoutFields status=SUCCESS method=ScriptExecution.VerifyNextButtonFunctionalityWithoutFields()[pri:12, instance:Scripts.ScriptExecution@11f8236] output=Verify Next button functionality without selecting fields to column2]]]>
              </value>
            </param>
          </params>
          <reporter-output>
          </reporter-output>
        </test-method> <!-- afterMethod -->
        <test-method status="PASS" signature="VerifyMoveFieldFromColumn1ToColumn2()[pri:13, instance:Scripts.ScriptExecution@11f8236]" name="VerifyMoveFieldFromColumn1ToColumn2" duration-ms="3829" started-at="2017-12-21T12:48:23Z" finished-at="2017-12-21T12:48:27Z">
          <reporter-output>
            <line>
              <![CDATA[Move the Fields from column1 to column2]]>
            </line>
            <line>
              <![CDATA[Testcase PASS]]>
            </line>
          </reporter-output>
        </test-method> <!-- VerifyMoveFieldFromColumn1ToColumn2 -->
        <test-method status="PASS" signature="beforeMethod(java.lang.reflect.Method)[pri:0, instance:Scripts.ScriptExecution@11f8236]" name="beforeMethod" is-config="true" duration-ms="0" started-at="2017-12-21T12:48:23Z" finished-at="2017-12-21T12:48:23Z">
          <params>
            <param index="0">
              <value>
                <![CDATA[public void Scripts.ScriptExecution.VerifyMoveFieldFromColumn1ToColumn2() throws java.lang.Exception]]>
              </value>
            </param>
          </params>
          <reporter-output>
          </reporter-output>
        </test-method> <!-- beforeMethod -->
        <test-method status="PASS" signature="afterMethod(org.testng.ITestResult)[pri:0, instance:Scripts.ScriptExecution@11f8236]" name="afterMethod" is-config="true" duration-ms="0" started-at="2017-12-21T12:48:27Z" finished-at="2017-12-21T12:48:27Z">
          <params>
            <param index="0">
              <value>
                <![CDATA[[TestResult name=VerifyMoveFieldFromColumn1ToColumn2 status=SUCCESS method=ScriptExecution.VerifyMoveFieldFromColumn1ToColumn2()[pri:13, instance:Scripts.ScriptExecution@11f8236] output=Move the Fields from column1 to column2]]]>
              </value>
            </param>
          </params>
          <reporter-output>
          </reporter-output>
        </test-method> <!-- afterMethod -->
        <test-method status="PASS" signature="VerifyMoveFieldFromColumn2ToColumn1()[pri:14, instance:Scripts.ScriptExecution@11f8236]" name="VerifyMoveFieldFromColumn2ToColumn1" duration-ms="2980" started-at="2017-12-21T12:48:27Z" finished-at="2017-12-21T12:48:30Z">
          <reporter-output>
            <line>
              <![CDATA[Move fields form column2 to column1]]>
            </line>
            <line>
              <![CDATA[Testcase PASS]]>
            </line>
          </reporter-output>
        </test-method> <!-- VerifyMoveFieldFromColumn2ToColumn1 -->
        <test-method status="PASS" signature="beforeMethod(java.lang.reflect.Method)[pri:0, instance:Scripts.ScriptExecution@11f8236]" name="beforeMethod" is-config="true" duration-ms="0" started-at="2017-12-21T12:48:27Z" finished-at="2017-12-21T12:48:27Z">
          <params>
            <param index="0">
              <value>
                <![CDATA[public void Scripts.ScriptExecution.VerifyMoveFieldFromColumn2ToColumn1() throws java.lang.Exception]]>
              </value>
            </param>
          </params>
          <reporter-output>
          </reporter-output>
        </test-method> <!-- beforeMethod -->
        <test-method status="PASS" signature="afterMethod(org.testng.ITestResult)[pri:0, instance:Scripts.ScriptExecution@11f8236]" name="afterMethod" is-config="true" duration-ms="3" started-at="2017-12-21T12:48:30Z" finished-at="2017-12-21T12:48:30Z">
          <params>
            <param index="0">
              <value>
                <![CDATA[[TestResult name=VerifyMoveFieldFromColumn2ToColumn1 status=SUCCESS method=ScriptExecution.VerifyMoveFieldFromColumn2ToColumn1()[pri:14, instance:Scripts.ScriptExecution@11f8236] output=Move fields form column2 to column1]]]>
              </value>
            </param>
          </params>
          <reporter-output>
          </reporter-output>
        </test-method> <!-- afterMethod -->
        <test-method status="PASS" signature="beforeMethod(java.lang.reflect.Method)[pri:0, instance:Scripts.ScriptExecution@11f8236]" name="beforeMethod" is-config="true" duration-ms="1" started-at="2017-12-21T12:48:30Z" finished-at="2017-12-21T12:48:30Z">
          <params>
            <param index="0">
              <value>
                <![CDATA[public void Scripts.ScriptExecution.VerifyNextButtonFunctionalityWithFields() throws java.lang.Exception]]>
              </value>
            </param>
          </params>
          <reporter-output>
          </reporter-output>
        </test-method> <!-- beforeMethod -->
        <test-method status="PASS" signature="VerifyNextButtonFunctionalityWithFields()[pri:15, instance:Scripts.ScriptExecution@11f8236]" name="VerifyNextButtonFunctionalityWithFields" duration-ms="5001" started-at="2017-12-21T12:48:30Z" finished-at="2017-12-21T12:48:35Z">
          <reporter-output>
            <line>
              <![CDATA[Verify Next Button functionality along with fields]]>
            </line>
            <line>
              <![CDATA[Testcase PASS]]>
            </line>
            <line>
              <![CDATA[Testcase PASS]]>
            </line>
          </reporter-output>
        </test-method> <!-- VerifyNextButtonFunctionalityWithFields -->
        <test-method status="PASS" signature="afterMethod(org.testng.ITestResult)[pri:0, instance:Scripts.ScriptExecution@11f8236]" name="afterMethod" is-config="true" duration-ms="0" started-at="2017-12-21T12:48:35Z" finished-at="2017-12-21T12:48:35Z">
          <params>
            <param index="0">
              <value>
                <![CDATA[[TestResult name=VerifyNextButtonFunctionalityWithFields status=SUCCESS method=ScriptExecution.VerifyNextButtonFunctionalityWithFields()[pri:15, instance:Scripts.ScriptExecution@11f8236] output=Verify Next Button functionality along with fields]]]>
              </value>
            </param>
          </params>
          <reporter-output>
          </reporter-output>
        </test-method> <!-- afterMethod -->
        <test-method status="PASS" signature="beforeMethod(java.lang.reflect.Method)[pri:0, instance:Scripts.ScriptExecution@11f8236]" name="beforeMethod" is-config="true" duration-ms="1" started-at="2017-12-21T12:48:35Z" finished-at="2017-12-21T12:48:35Z">
          <params>
            <param index="0">
              <value>
                <![CDATA[public void Scripts.ScriptExecution.VerifyConditionPageTitle() throws java.lang.Exception]]>
              </value>
            </param>
          </params>
          <reporter-output>
          </reporter-output>
        </test-method> <!-- beforeMethod -->
        <test-method status="PASS" signature="VerifyConditionPageTitle()[pri:16, instance:Scripts.ScriptExecution@11f8236]" name="VerifyConditionPageTitle" duration-ms="87" started-at="2017-12-21T12:48:35Z" finished-at="2017-12-21T12:48:35Z">
          <reporter-output>
            <line>
              <![CDATA[Verify the title of condition Page]]>
            </line>
            <line>
              <![CDATA[ExpectedResult= Conditions ActualResult= Conditions]]>
            </line>
            <line>
              <![CDATA[Testcase PASS]]>
            </line>
          </reporter-output>
        </test-method> <!-- VerifyConditionPageTitle -->
        <test-method status="PASS" signature="afterMethod(org.testng.ITestResult)[pri:0, instance:Scripts.ScriptExecution@11f8236]" name="afterMethod" is-config="true" duration-ms="0" started-at="2017-12-21T12:48:35Z" finished-at="2017-12-21T12:48:35Z">
          <params>
            <param index="0">
              <value>
                <![CDATA[[TestResult name=VerifyConditionPageTitle status=SUCCESS method=ScriptExecution.VerifyConditionPageTitle()[pri:16, instance:Scripts.ScriptExecution@11f8236] output=Verify the title of condition Page]]]>
              </value>
            </param>
          </params>
          <reporter-output>
          </reporter-output>
        </test-method> <!-- afterMethod -->
        <test-method status="PASS" signature="beforeMethod(java.lang.reflect.Method)[pri:0, instance:Scripts.ScriptExecution@11f8236]" name="beforeMethod" is-config="true" duration-ms="1" started-at="2017-12-21T12:48:35Z" finished-at="2017-12-21T12:48:35Z">
          <params>
            <param index="0">
              <value>
                <![CDATA[public void Scripts.ScriptExecution.SkipConditionPage() throws java.lang.Exception]]>
              </value>
            </param>
          </params>
          <reporter-output>
          </reporter-output>
        </test-method> <!-- beforeMethod -->
        <test-method status="PASS" signature="SkipConditionPage()[pri:17, instance:Scripts.ScriptExecution@11f8236]" name="SkipConditionPage" duration-ms="2366" started-at="2017-12-21T12:48:35Z" finished-at="2017-12-21T12:48:38Z">
          <reporter-output>
            <line>
              <![CDATA[Skipping Condition Page and clicking on Next Button and Navigating to Export Page]]>
            </line>
            <line>
              <![CDATA[Testcase PASS]]>
            </line>
          </reporter-output>
        </test-method> <!-- SkipConditionPage -->
        <test-method status="PASS" signature="afterMethod(org.testng.ITestResult)[pri:0, instance:Scripts.ScriptExecution@11f8236]" name="afterMethod" is-config="true" duration-ms="0" started-at="2017-12-21T12:48:38Z" finished-at="2017-12-21T12:48:38Z">
          <params>
            <param index="0">
              <value>
                <![CDATA[[TestResult name=SkipConditionPage status=SUCCESS method=ScriptExecution.SkipConditionPage()[pri:17, instance:Scripts.ScriptExecution@11f8236] output=Skipping Condition Page and clicking on Next Button and Navigating to Export Page]]]>
              </value>
            </param>
          </params>
          <reporter-output>
          </reporter-output>
        </test-method> <!-- afterMethod -->
        <test-method status="PASS" signature="beforeMethod(java.lang.reflect.Method)[pri:0, instance:Scripts.ScriptExecution@11f8236]" name="beforeMethod" is-config="true" duration-ms="0" started-at="2017-12-21T12:48:38Z" finished-at="2017-12-21T12:48:38Z">
          <params>
            <param index="0">
              <value>
                <![CDATA[public void Scripts.ScriptExecution.VerifyConditionSelectField() throws java.lang.Exception]]>
              </value>
            </param>
          </params>
          <reporter-output>
          </reporter-output>
        </test-method> <!-- beforeMethod -->
        <test-method status="PASS" signature="VerifyConditionSelectField()[pri:18, instance:Scripts.ScriptExecution@11f8236]" name="VerifyConditionSelectField" duration-ms="1723" started-at="2017-12-21T12:48:38Z" finished-at="2017-12-21T12:48:39Z">
          <reporter-output>
            <line>
              <![CDATA[Verify the functionality of select 'Field' dropdown on condition page]]>
            </line>
            <line>
              <![CDATA[Field has 3 values]]>
            </line>
            <line>
              <![CDATA[Testcase PASS]]>
            </line>
          </reporter-output>
        </test-method> <!-- VerifyConditionSelectField -->
        <test-method status="PASS" signature="afterMethod(org.testng.ITestResult)[pri:0, instance:Scripts.ScriptExecution@11f8236]" name="afterMethod" is-config="true" duration-ms="0" started-at="2017-12-21T12:48:39Z" finished-at="2017-12-21T12:48:39Z">
          <params>
            <param index="0">
              <value>
                <![CDATA[[TestResult name=VerifyConditionSelectField status=SUCCESS method=ScriptExecution.VerifyConditionSelectField()[pri:18, instance:Scripts.ScriptExecution@11f8236] output=Verify the functionality of select 'Field' dropdown on condition page]]]>
              </value>
            </param>
          </params>
          <reporter-output>
          </reporter-output>
        </test-method> <!-- afterMethod -->
        <test-method status="PASS" signature="beforeMethod(java.lang.reflect.Method)[pri:0, instance:Scripts.ScriptExecution@11f8236]" name="beforeMethod" is-config="true" duration-ms="0" started-at="2017-12-21T12:48:39Z" finished-at="2017-12-21T12:48:39Z">
          <params>
            <param index="0">
              <value>
                <![CDATA[public void Scripts.ScriptExecution.SelectValuefromFieldValue() throws java.lang.Exception]]>
              </value>
            </param>
          </params>
          <reporter-output>
          </reporter-output>
        </test-method> <!-- beforeMethod -->
        <test-method status="PASS" signature="SelectValuefromFieldValue()[pri:19, instance:Scripts.ScriptExecution@11f8236]" name="SelectValuefromFieldValue" duration-ms="259" started-at="2017-12-21T12:48:39Z" finished-at="2017-12-21T12:48:40Z">
          <reporter-output>
            <line>
              <![CDATA[Selecting the value from select dropdown field]]>
            </line>
            <line>
              <![CDATA[selecting name value from dropdown]]>
            </line>
          </reporter-output>
        </test-method> <!-- SelectValuefromFieldValue -->
        <test-method status="PASS" signature="afterMethod(org.testng.ITestResult)[pri:0, instance:Scripts.ScriptExecution@11f8236]" name="afterMethod" is-config="true" duration-ms="0" started-at="2017-12-21T12:48:40Z" finished-at="2017-12-21T12:48:40Z">
          <params>
            <param index="0">
              <value>
                <![CDATA[[TestResult name=SelectValuefromFieldValue status=SUCCESS method=ScriptExecution.SelectValuefromFieldValue()[pri:19, instance:Scripts.ScriptExecution@11f8236] output=Selecting the value from select dropdown field]]]>
              </value>
            </param>
          </params>
          <reporter-output>
          </reporter-output>
        </test-method> <!-- afterMethod -->
        <test-method status="PASS" signature="beforeMethod(java.lang.reflect.Method)[pri:0, instance:Scripts.ScriptExecution@11f8236]" name="beforeMethod" is-config="true" duration-ms="0" started-at="2017-12-21T12:48:40Z" finished-at="2017-12-21T12:48:40Z">
          <params>
            <param index="0">
              <value>
                <![CDATA[public void Scripts.ScriptExecution.VerifyConditionDropdown() throws java.lang.Exception]]>
              </value>
            </param>
          </params>
          <reporter-output>
          </reporter-output>
        </test-method> <!-- beforeMethod -->
        <test-method status="PASS" signature="VerifyConditionDropdown()[pri:20, instance:Scripts.ScriptExecution@11f8236]" name="VerifyConditionDropdown" duration-ms="575" started-at="2017-12-21T12:48:40Z" finished-at="2017-12-21T12:48:40Z">
          <reporter-output>
            <line>
              <![CDATA[Verify the functionality of Condition Dropdown field]]>
            </line>
            <line>
              <![CDATA[Total Records9]]>
            </line>
            <line>
              <![CDATA[Equal to]]>
            </line>
            <line>
              <![CDATA[Not Equal to]]>
            </line>
            <line>
              <![CDATA[Less Than]]>
            </line>
            <line>
              <![CDATA[Greater Than]]>
            </line>
            <line>
              <![CDATA[Less Than or Equal to]]>
            </line>
            <line>
              <![CDATA[Greater Than or Equal to]]>
            </line>
            <line>
              <![CDATA[Between]]>
            </line>
            <line>
              <![CDATA[Starts With]]>
            </line>
            <line>
              <![CDATA[Ends With]]>
            </line>
          </reporter-output>
        </test-method> <!-- VerifyConditionDropdown -->
        <test-method status="PASS" signature="beforeMethod(java.lang.reflect.Method)[pri:0, instance:Scripts.ScriptExecution@11f8236]" name="beforeMethod" is-config="true" duration-ms="0" started-at="2017-12-21T12:48:40Z" finished-at="2017-12-21T12:48:40Z">
          <params>
            <param index="0">
              <value>
                <![CDATA[public void Scripts.ScriptExecution.selectconditionfield() throws java.lang.Exception]]>
              </value>
            </param>
          </params>
          <reporter-output>
          </reporter-output>
        </test-method> <!-- beforeMethod -->
        <test-method status="PASS" signature="afterMethod(org.testng.ITestResult)[pri:0, instance:Scripts.ScriptExecution@11f8236]" name="afterMethod" is-config="true" duration-ms="0" started-at="2017-12-21T12:48:40Z" finished-at="2017-12-21T12:48:40Z">
          <params>
            <param index="0">
              <value>
                <![CDATA[[TestResult name=VerifyConditionDropdown status=SUCCESS method=ScriptExecution.VerifyConditionDropdown()[pri:20, instance:Scripts.ScriptExecution@11f8236] output=Verify the functionality of Condition Dropdown field]]]>
              </value>
            </param>
          </params>
          <reporter-output>
          </reporter-output>
        </test-method> <!-- afterMethod -->
        <test-method status="PASS" signature="selectconditionfield()[pri:21, instance:Scripts.ScriptExecution@11f8236]" name="selectconditionfield" duration-ms="248" started-at="2017-12-21T12:48:40Z" finished-at="2017-12-21T12:48:41Z">
          <reporter-output>
            <line>
              <![CDATA[Selecting 'EqualTo' value in 'Condition' dropdown field]]>
            </line>
            <line>
              <![CDATA[selecting = value from dropdown]]>
            </line>
          </reporter-output>
        </test-method> <!-- selectconditionfield -->
        <test-method status="PASS" signature="afterMethod(org.testng.ITestResult)[pri:0, instance:Scripts.ScriptExecution@11f8236]" name="afterMethod" is-config="true" duration-ms="0" started-at="2017-12-21T12:48:41Z" finished-at="2017-12-21T12:48:41Z">
          <params>
            <param index="0">
              <value>
                <![CDATA[[TestResult name=selectconditionfield status=SUCCESS method=ScriptExecution.selectconditionfield()[pri:21, instance:Scripts.ScriptExecution@11f8236] output=Selecting 'EqualTo' value in 'Condition' dropdown field]]]>
              </value>
            </param>
          </params>
          <reporter-output>
          </reporter-output>
        </test-method> <!-- afterMethod -->
        <test-method status="PASS" signature="VerifyValue1fieldWithSpecialChar()[pri:22, instance:Scripts.ScriptExecution@11f8236]" name="VerifyValue1fieldWithSpecialChar" duration-ms="537" started-at="2017-12-21T12:48:41Z" finished-at="2017-12-21T12:48:41Z">
          <reporter-output>
            <line>
              <![CDATA[Verify the functionality of Value1 Field with Special characters]]>
            </line>
          </reporter-output>
        </test-method> <!-- VerifyValue1fieldWithSpecialChar -->
        <test-method status="PASS" signature="beforeMethod(java.lang.reflect.Method)[pri:0, instance:Scripts.ScriptExecution@11f8236]" name="beforeMethod" is-config="true" duration-ms="0" started-at="2017-12-21T12:48:41Z" finished-at="2017-12-21T12:48:41Z">
          <params>
            <param index="0">
              <value>
                <![CDATA[public void Scripts.ScriptExecution.VerifyValue1fieldWithSpecialChar() throws java.lang.Exception]]>
              </value>
            </param>
          </params>
          <reporter-output>
          </reporter-output>
        </test-method> <!-- beforeMethod -->
        <test-method status="PASS" signature="afterMethod(org.testng.ITestResult)[pri:0, instance:Scripts.ScriptExecution@11f8236]" name="afterMethod" is-config="true" duration-ms="1" started-at="2017-12-21T12:48:41Z" finished-at="2017-12-21T12:48:41Z">
          <params>
            <param index="0">
              <value>
                <![CDATA[[TestResult name=VerifyValue1fieldWithSpecialChar status=SUCCESS method=ScriptExecution.VerifyValue1fieldWithSpecialChar()[pri:22, instance:Scripts.ScriptExecution@11f8236] output=Verify the functionality of Value1 Field with Special characters]]]>
              </value>
            </param>
          </params>
          <reporter-output>
          </reporter-output>
        </test-method> <!-- afterMethod -->
        <test-method status="PASS" signature="beforeMethod(java.lang.reflect.Method)[pri:0, instance:Scripts.ScriptExecution@11f8236]" name="beforeMethod" is-config="true" duration-ms="1" started-at="2017-12-21T12:48:41Z" finished-at="2017-12-21T12:48:41Z">
          <params>
            <param index="0">
              <value>
                <![CDATA[public void Scripts.ScriptExecution.VerifyValidValue1field() throws java.lang.Exception]]>
              </value>
            </param>
          </params>
          <reporter-output>
          </reporter-output>
        </test-method> <!-- beforeMethod -->
        <test-method status="PASS" signature="VerifyValidValue1field()[pri:23, instance:Scripts.ScriptExecution@11f8236]" name="VerifyValidValue1field" duration-ms="216" started-at="2017-12-21T12:48:41Z" finished-at="2017-12-21T12:48:41Z">
          <reporter-output>
            <line>
              <![CDATA[Verify the functionality of Value1 Field With correct data]]>
            </line>
          </reporter-output>
        </test-method> <!-- VerifyValidValue1field -->
        <test-method status="PASS" signature="afterMethod(org.testng.ITestResult)[pri:0, instance:Scripts.ScriptExecution@11f8236]" name="afterMethod" is-config="true" duration-ms="0" started-at="2017-12-21T12:48:41Z" finished-at="2017-12-21T12:48:41Z">
          <params>
            <param index="0">
              <value>
                <![CDATA[[TestResult name=VerifyValidValue1field status=SUCCESS method=ScriptExecution.VerifyValidValue1field()[pri:23, instance:Scripts.ScriptExecution@11f8236] output=Verify the functionality of Value1 Field With correct data]]]>
              </value>
            </param>
          </params>
          <reporter-output>
          </reporter-output>
        </test-method> <!-- afterMethod -->
        <test-method status="PASS" signature="beforeMethod(java.lang.reflect.Method)[pri:0, instance:Scripts.ScriptExecution@11f8236]" name="beforeMethod" is-config="true" duration-ms="5" started-at="2017-12-21T12:48:41Z" finished-at="2017-12-21T12:48:41Z">
          <params>
            <param index="0">
              <value>
                <![CDATA[public void Scripts.ScriptExecution.VerifyValue2fieldDissable() throws java.lang.Exception]]>
              </value>
            </param>
          </params>
          <reporter-output>
          </reporter-output>
        </test-method> <!-- beforeMethod -->
        <test-method status="PASS" signature="VerifyValue2fieldDissable()[pri:24, instance:Scripts.ScriptExecution@11f8236]" name="VerifyValue2fieldDissable" duration-ms="2080" started-at="2017-12-21T12:48:41Z" finished-at="2017-12-21T12:48:43Z">
          <reporter-output>
            <line>
              <![CDATA[Verify Value2 Field is dissable]]>
            </line>
            <line>
              <![CDATA[Testcase PASS]]>
            </line>
          </reporter-output>
        </test-method> <!-- VerifyValue2fieldDissable -->
        <test-method status="PASS" signature="afterMethod(org.testng.ITestResult)[pri:0, instance:Scripts.ScriptExecution@11f8236]" name="afterMethod" is-config="true" duration-ms="0" started-at="2017-12-21T12:48:43Z" finished-at="2017-12-21T12:48:43Z">
          <params>
            <param index="0">
              <value>
                <![CDATA[[TestResult name=VerifyValue2fieldDissable status=SUCCESS method=ScriptExecution.VerifyValue2fieldDissable()[pri:24, instance:Scripts.ScriptExecution@11f8236] output=Verify Value2 Field is dissable]]]>
              </value>
            </param>
          </params>
          <reporter-output>
          </reporter-output>
        </test-method> <!-- afterMethod -->
        <test-method status="PASS" signature="beforeMethod(java.lang.reflect.Method)[pri:0, instance:Scripts.ScriptExecution@11f8236]" name="beforeMethod" is-config="true" duration-ms="1" started-at="2017-12-21T12:48:43Z" finished-at="2017-12-21T12:48:43Z">
          <params>
            <param index="0">
              <value>
                <![CDATA[public void Scripts.ScriptExecution.VerifyValue2fieldWithBetweenCondition() throws java.lang.Exception]]>
              </value>
            </param>
          </params>
          <reporter-output>
          </reporter-output>
        </test-method> <!-- beforeMethod -->
        <test-method status="PASS" signature="VerifyValue2fieldWithBetweenCondition()[pri:25, instance:Scripts.ScriptExecution@11f8236]" name="VerifyValue2fieldWithBetweenCondition" duration-ms="268" started-at="2017-12-21T12:48:43Z" finished-at="2017-12-21T12:48:44Z">
          <reporter-output>
            <line>
              <![CDATA[Verify Value2 Field with 'BETWEEN' Condition, and value-2 field is enabled]]>
            </line>
            <line>
              <![CDATA[Field is Enabled]]>
            </line>
            <line>
              <![CDATA[Testcase PASS]]>
            </line>
          </reporter-output>
        </test-method> <!-- VerifyValue2fieldWithBetweenCondition -->
        <test-method status="PASS" signature="afterMethod(org.testng.ITestResult)[pri:0, instance:Scripts.ScriptExecution@11f8236]" name="afterMethod" is-config="true" duration-ms="0" started-at="2017-12-21T12:48:44Z" finished-at="2017-12-21T12:48:44Z">
          <params>
            <param index="0">
              <value>
                <![CDATA[[TestResult name=VerifyValue2fieldWithBetweenCondition status=SUCCESS method=ScriptExecution.VerifyValue2fieldWithBetweenCondition()[pri:25, instance:Scripts.ScriptExecution@11f8236] output=Verify Value2 Field with 'BETWEEN' Condition, and value-2 field is enabled]]]>
              </value>
            </param>
          </params>
          <reporter-output>
          </reporter-output>
        </test-method> <!-- afterMethod -->
        <test-method status="PASS" signature="VerifyAddRowButton()[pri:26, instance:Scripts.ScriptExecution@11f8236]" name="VerifyAddRowButton" duration-ms="4432" started-at="2017-12-21T12:48:44Z" finished-at="2017-12-21T12:48:48Z">
          <reporter-output>
            <line>
              <![CDATA[Validating Add Condition button and it is adding new row or not]]>
            </line>
            <line>
              <![CDATA[Testcase PASS]]>
            </line>
            <line>
              <![CDATA[Testcase PASS]]>
            </line>
          </reporter-output>
        </test-method> <!-- VerifyAddRowButton -->
        <test-method status="PASS" signature="beforeMethod(java.lang.reflect.Method)[pri:0, instance:Scripts.ScriptExecution@11f8236]" name="beforeMethod" is-config="true" duration-ms="0" started-at="2017-12-21T12:48:44Z" finished-at="2017-12-21T12:48:44Z">
          <params>
            <param index="0">
              <value>
                <![CDATA[public void Scripts.ScriptExecution.VerifyAddRowButton() throws java.lang.Exception]]>
              </value>
            </param>
          </params>
          <reporter-output>
          </reporter-output>
        </test-method> <!-- beforeMethod -->
        <test-method status="PASS" signature="afterMethod(org.testng.ITestResult)[pri:0, instance:Scripts.ScriptExecution@11f8236]" name="afterMethod" is-config="true" duration-ms="0" started-at="2017-12-21T12:48:48Z" finished-at="2017-12-21T12:48:48Z">
          <params>
            <param index="0">
              <value>
                <![CDATA[[TestResult name=VerifyAddRowButton status=SUCCESS method=ScriptExecution.VerifyAddRowButton()[pri:26, instance:Scripts.ScriptExecution@11f8236] output=Validating Add Condition button and it is adding new row or not]]]>
              </value>
            </param>
          </params>
          <reporter-output>
          </reporter-output>
        </test-method> <!-- afterMethod -->
        <test-method status="PASS" signature="beforeMethod(java.lang.reflect.Method)[pri:0, instance:Scripts.ScriptExecution@11f8236]" name="beforeMethod" is-config="true" duration-ms="1" started-at="2017-12-21T12:48:48Z" finished-at="2017-12-21T12:48:48Z">
          <params>
            <param index="0">
              <value>
                <![CDATA[public void Scripts.ScriptExecution.VerifyAddRowButtonWithMultipleRows() throws java.lang.Exception]]>
              </value>
            </param>
          </params>
          <reporter-output>
          </reporter-output>
        </test-method> <!-- beforeMethod -->
        <test-method status="PASS" signature="VerifyAddRowButtonWithMultipleRows()[pri:27, instance:Scripts.ScriptExecution@11f8236]" name="VerifyAddRowButtonWithMultipleRows" duration-ms="2200" started-at="2017-12-21T12:48:48Z" finished-at="2017-12-21T12:48:50Z">
          <reporter-output>
            <line>
              <![CDATA[Verifying Add Rows by adding multple rows for conditions(Adding 3-Rows)]]>
            </line>
            <line>
              <![CDATA[Testcase PASS]]>
            </line>
          </reporter-output>
        </test-method> <!-- VerifyAddRowButtonWithMultipleRows -->
        <test-method status="PASS" signature="afterMethod(org.testng.ITestResult)[pri:0, instance:Scripts.ScriptExecution@11f8236]" name="afterMethod" is-config="true" duration-ms="0" started-at="2017-12-21T12:48:50Z" finished-at="2017-12-21T12:48:50Z">
          <params>
            <param index="0">
              <value>
                <![CDATA[[TestResult name=VerifyAddRowButtonWithMultipleRows status=SUCCESS method=ScriptExecution.VerifyAddRowButtonWithMultipleRows()[pri:27, instance:Scripts.ScriptExecution@11f8236] output=Verifying Add Rows by adding multple rows for conditions(Adding 3-Rows)]]]>
              </value>
            </param>
          </params>
          <reporter-output>
          </reporter-output>
        </test-method> <!-- afterMethod -->
        <test-method status="PASS" signature="beforeMethod(java.lang.reflect.Method)[pri:0, instance:Scripts.ScriptExecution@11f8236]" name="beforeMethod" is-config="true" duration-ms="0" started-at="2017-12-21T12:48:50Z" finished-at="2017-12-21T12:48:50Z">
          <params>
            <param index="0">
              <value>
                <![CDATA[public void Scripts.ScriptExecution.VerifyADDconditionButton() throws java.lang.Exception]]>
              </value>
            </param>
          </params>
          <reporter-output>
          </reporter-output>
        </test-method> <!-- beforeMethod -->
        <test-method status="PASS" signature="VerifyADDconditionButton()[pri:28, instance:Scripts.ScriptExecution@11f8236]" name="VerifyADDconditionButton" duration-ms="2087" started-at="2017-12-21T12:48:50Z" finished-at="2017-12-21T12:48:52Z">
          <reporter-output>
            <line>
              <![CDATA[Validating ADD condition button on filter page]]>
            </line>
            <line>
              <![CDATA[Testcase PASS]]>
            </line>
          </reporter-output>
        </test-method> <!-- VerifyADDconditionButton -->
        <test-method status="PASS" signature="afterMethod(org.testng.ITestResult)[pri:0, instance:Scripts.ScriptExecution@11f8236]" name="afterMethod" is-config="true" duration-ms="0" started-at="2017-12-21T12:48:52Z" finished-at="2017-12-21T12:48:52Z">
          <params>
            <param index="0">
              <value>
                <![CDATA[[TestResult name=VerifyADDconditionButton status=SUCCESS method=ScriptExecution.VerifyADDconditionButton()[pri:28, instance:Scripts.ScriptExecution@11f8236] output=Validating ADD condition button on filter page]]]>
              </value>
            </param>
          </params>
          <reporter-output>
          </reporter-output>
        </test-method> <!-- afterMethod -->
        <test-method status="PASS" signature="beforeMethod(java.lang.reflect.Method)[pri:0, instance:Scripts.ScriptExecution@11f8236]" name="beforeMethod" is-config="true" duration-ms="1" started-at="2017-12-21T12:48:52Z" finished-at="2017-12-21T12:48:52Z">
          <params>
            <param index="0">
              <value>
                <![CDATA[public void Scripts.ScriptExecution.VerifyORconditionButton() throws java.lang.Exception]]>
              </value>
            </param>
          </params>
          <reporter-output>
          </reporter-output>
        </test-method> <!-- beforeMethod -->
        <test-method status="PASS" signature="VerifyORconditionButton()[pri:29, instance:Scripts.ScriptExecution@11f8236]" name="VerifyORconditionButton" duration-ms="2070" started-at="2017-12-21T12:48:52Z" finished-at="2017-12-21T12:48:54Z">
          <reporter-output>
            <line>
              <![CDATA[Validating OR condition button on filter page]]>
            </line>
            <line>
              <![CDATA[Testcase PASS]]>
            </line>
          </reporter-output>
        </test-method> <!-- VerifyORconditionButton -->
        <test-method status="PASS" signature="afterMethod(org.testng.ITestResult)[pri:0, instance:Scripts.ScriptExecution@11f8236]" name="afterMethod" is-config="true" duration-ms="1" started-at="2017-12-21T12:48:54Z" finished-at="2017-12-21T12:48:54Z">
          <params>
            <param index="0">
              <value>
                <![CDATA[[TestResult name=VerifyORconditionButton status=SUCCESS method=ScriptExecution.VerifyORconditionButton()[pri:29, instance:Scripts.ScriptExecution@11f8236] output=Validating OR condition button on filter page]]]>
              </value>
            </param>
          </params>
          <reporter-output>
          </reporter-output>
        </test-method> <!-- afterMethod -->
        <test-method status="PASS" signature="beforeMethod(java.lang.reflect.Method)[pri:0, instance:Scripts.ScriptExecution@11f8236]" name="beforeMethod" is-config="true" duration-ms="1" started-at="2017-12-21T12:48:54Z" finished-at="2017-12-21T12:48:54Z">
          <params>
            <param index="0">
              <value>
                <![CDATA[public void Scripts.ScriptExecution.VerifyBothButtonAreSelected() throws java.lang.Exception]]>
              </value>
            </param>
          </params>
          <reporter-output>
          </reporter-output>
        </test-method> <!-- beforeMethod -->
        <test-method status="PASS" signature="VerifyBothButtonAreSelected()[pri:30, instance:Scripts.ScriptExecution@11f8236]" name="VerifyBothButtonAreSelected" duration-ms="45" started-at="2017-12-21T12:48:54Z" finished-at="2017-12-21T12:48:55Z">
          <reporter-output>
            <line>
              <![CDATA[Verifying both conditions buttons are selected at the same time]]>
            </line>
            <line>
              <![CDATA[Selected Radio button is OR condition Button]]>
            </line>
            <line>
              <![CDATA[Testcase PASS]]>
            </line>
          </reporter-output>
        </test-method> <!-- VerifyBothButtonAreSelected -->
        <test-method status="PASS" signature="afterMethod(org.testng.ITestResult)[pri:0, instance:Scripts.ScriptExecution@11f8236]" name="afterMethod" is-config="true" duration-ms="0" started-at="2017-12-21T12:48:55Z" finished-at="2017-12-21T12:48:55Z">
          <params>
            <param index="0">
              <value>
                <![CDATA[[TestResult name=VerifyBothButtonAreSelected status=SUCCESS method=ScriptExecution.VerifyBothButtonAreSelected()[pri:30, instance:Scripts.ScriptExecution@11f8236] output=Verifying both conditions buttons are selected at the same time]]]>
              </value>
            </param>
          </params>
          <reporter-output>
          </reporter-output>
        </test-method> <!-- afterMethod -->
        <test-method status="PASS" signature="beforeMethod(java.lang.reflect.Method)[pri:0, instance:Scripts.ScriptExecution@11f8236]" name="beforeMethod" is-config="true" duration-ms="1" started-at="2017-12-21T12:48:55Z" finished-at="2017-12-21T12:48:55Z">
          <params>
            <param index="0">
              <value>
                <![CDATA[public void Scripts.ScriptExecution.NavigateToDataSearchpage() throws java.lang.Exception]]>
              </value>
            </param>
          </params>
          <reporter-output>
          </reporter-output>
        </test-method> <!-- beforeMethod -->
        <test-method status="PASS" signature="NavigateToDataSearchpage()[pri:31, instance:Scripts.ScriptExecution@11f8236]" name="NavigateToDataSearchpage" duration-ms="2291" started-at="2017-12-21T12:48:55Z" finished-at="2017-12-21T12:48:57Z">
          <reporter-output>
            <line>
              <![CDATA[After adding or deleting the conditions rows, Navigating to Data Search Page]]>
            </line>
            <line>
              <![CDATA[Testcase PASS]]>
            </line>
          </reporter-output>
        </test-method> <!-- NavigateToDataSearchpage -->
        <test-method status="PASS" signature="afterMethod(org.testng.ITestResult)[pri:0, instance:Scripts.ScriptExecution@11f8236]" name="afterMethod" is-config="true" duration-ms="0" started-at="2017-12-21T12:48:57Z" finished-at="2017-12-21T12:48:57Z">
          <params>
            <param index="0">
              <value>
                <![CDATA[[TestResult name=NavigateToDataSearchpage status=SUCCESS method=ScriptExecution.NavigateToDataSearchpage()[pri:31, instance:Scripts.ScriptExecution@11f8236] output=After adding or deleting the conditions rows, Navigating to Data Search Page]]]>
              </value>
            </param>
          </params>
          <reporter-output>
          </reporter-output>
        </test-method> <!-- afterMethod -->
        <test-method status="PASS" signature="beforeMethod(java.lang.reflect.Method)[pri:0, instance:Scripts.ScriptExecution@11f8236]" name="beforeMethod" is-config="true" duration-ms="0" started-at="2017-12-21T12:48:57Z" finished-at="2017-12-21T12:48:57Z">
          <params>
            <param index="0">
              <value>
                <![CDATA[public void Scripts.ScriptExecution.NavigateToFilterPageToCheckData() throws java.lang.Exception]]>
              </value>
            </param>
          </params>
          <reporter-output>
          </reporter-output>
        </test-method> <!-- beforeMethod -->
        <test-method status="PASS" signature="NavigateToFilterPageToCheckData()[pri:32, instance:Scripts.ScriptExecution@11f8236]" name="NavigateToFilterPageToCheckData" duration-ms="2320" started-at="2017-12-21T12:48:57Z" finished-at="2017-12-21T12:48:59Z">
          <reporter-output>
            <line>
              <![CDATA[Navigating to Filter Page and check the presence of data]]>
            </line>
            <line>
              <![CDATA[Testcase PASS]]>
            </line>
          </reporter-output>
        </test-method> <!-- NavigateToFilterPageToCheckData -->
        <test-method status="PASS" signature="afterMethod(org.testng.ITestResult)[pri:0, instance:Scripts.ScriptExecution@11f8236]" name="afterMethod" is-config="true" duration-ms="0" started-at="2017-12-21T12:48:59Z" finished-at="2017-12-21T12:48:59Z">
          <params>
            <param index="0">
              <value>
                <![CDATA[[TestResult name=NavigateToFilterPageToCheckData status=SUCCESS method=ScriptExecution.NavigateToFilterPageToCheckData()[pri:32, instance:Scripts.ScriptExecution@11f8236] output=Navigating to Filter Page and check the presence of data]]]>
              </value>
            </param>
          </params>
          <reporter-output>
          </reporter-output>
        </test-method> <!-- afterMethod -->
        <test-method status="PASS" signature="beforeMethod(java.lang.reflect.Method)[pri:0, instance:Scripts.ScriptExecution@11f8236]" name="beforeMethod" is-config="true" duration-ms="0" started-at="2017-12-21T12:48:59Z" finished-at="2017-12-21T12:48:59Z">
          <params>
            <param index="0">
              <value>
                <![CDATA[public void Scripts.ScriptExecution.VerifyRemoveRowButton() throws java.lang.Exception]]>
              </value>
            </param>
          </params>
          <reporter-output>
          </reporter-output>
        </test-method> <!-- beforeMethod -->
        <test-method status="PASS" signature="VerifyRemoveRowButton()[pri:33, instance:Scripts.ScriptExecution@11f8236]" name="VerifyRemoveRowButton" duration-ms="704" started-at="2017-12-21T12:48:59Z" finished-at="2017-12-21T12:49:00Z">
          <reporter-output>
            <line>
              <![CDATA[Validating Remove Condition button and it is removing added rows]]>
            </line>
            <line>
              <![CDATA[Selecting 'EqualTo' value in 'Condition' dropdown field]]>
            </line>
            <line>
              <![CDATA[selecting = value from dropdown]]>
            </line>
          </reporter-output>
        </test-method> <!-- VerifyRemoveRowButton -->
        <test-method status="PASS" signature="afterMethod(org.testng.ITestResult)[pri:0, instance:Scripts.ScriptExecution@11f8236]" name="afterMethod" is-config="true" duration-ms="1" started-at="2017-12-21T12:49:00Z" finished-at="2017-12-21T12:49:00Z">
          <params>
[...]
          <reporter-output>
            <line>
              <![CDATA[Selecting 'With Quote' checkbox if TEXT filetype is selected]]>
            </line>
            <line>
              <![CDATA['With Quote' Selected  ]]>
            </line>
            <line>
              <![CDATA[Testcase PASS]]>
            </line>
          </reporter-output>
        </test-method> <!-- VerifyWithQuoteFunctionality -->
        <test-method status="PASS" signature="afterMethod(org.testng.ITestResult)[pri:0, instance:Scripts.ScriptExecution@11f8236]" name="afterMethod" is-config="true" duration-ms="0" started-at="2017-12-21T12:49:18Z" finished-at="2017-12-21T12:49:18Z">
          <params>
            <param index="0">
              <value>
                <![CDATA[[TestResult name=VerifyWithQuoteFunctionality status=SUCCESS method=ScriptExecution.VerifyWithQuoteFunctionality()[pri:45, instance:Scripts.ScriptExecution@11f8236] output=Selecting 'With Quote' checkbox if TEXT filetype is selected]]]>
              </value>
            </param>
          </params>
          <reporter-output>
          </reporter-output>
        </test-method> <!-- afterMethod -->
        <test-method status="PASS" signature="ValidateWithQuoteIsDissable()[pri:46, instance:Scripts.ScriptExecution@11f8236]" name="ValidateWithQuoteIsDissable" duration-ms="197" started-at="2017-12-21T12:49:18Z" finished-at="2017-12-21T12:49:19Z">
          <reporter-output>
            <line>
              <![CDATA[Validate 'WithQuote' is dissable when selected filetype is CSV]]>
            </line>
            <line>
              <![CDATA[Testcase FAIL]]>
            </line>
          </reporter-output>
        </test-method> <!-- ValidateWithQuoteIsDissable -->
        <test-method status="PASS" signature="beforeMethod(java.lang.reflect.Method)[pri:0, instance:Scripts.ScriptExecution@11f8236]" name="beforeMethod" is-config="true" duration-ms="0" started-at="2017-12-21T12:49:18Z" finished-at="2017-12-21T12:49:18Z">
          <params>
            <param index="0">
              <value>
                <![CDATA[public void Scripts.ScriptExecution.ValidateWithQuoteIsDissable() throws java.lang.Exception]]>
              </value>
            </param>
          </params>
          <reporter-output>
          </reporter-output>
        </test-method> <!-- beforeMethod -->
        <test-method status="PASS" signature="afterMethod(org.testng.ITestResult)[pri:0, instance:Scripts.ScriptExecution@11f8236]" name="afterMethod" is-config="true" duration-ms="0" started-at="2017-12-21T12:49:19Z" finished-at="2017-12-21T12:49:19Z">
          <params>
            <param index="0">
              <value>
                <![CDATA[[TestResult name=ValidateWithQuoteIsDissable status=SUCCESS method=ScriptExecution.ValidateWithQuoteIsDissable()[pri:46, instance:Scripts.ScriptExecution@11f8236] output=Validate 'WithQuote' is dissable when selected filetype is CSV]]]>
              </value>
            </param>
          </params>
          <reporter-output>
          </reporter-output>
        </test-method> <!-- afterMethod -->
        <test-method status="PASS" signature="NavigatingToCompletePage()[pri:47, instance:Scripts.ScriptExecution@11f8236]" name="NavigatingToCompletePage" duration-ms="2511" started-at="2017-12-21T12:49:19Z" finished-at="2017-12-21T12:49:21Z">
          <reporter-output>
            <line>
              <![CDATA[Navigationg to COMLETE Page]]>
            </line>
            <line>
              <![CDATA[Testcase PASS]]>
            </line>
          </reporter-output>
        </test-method> <!-- NavigatingToCompletePage -->
        <test-method status="PASS" signature="beforeMethod(java.lang.reflect.Method)[pri:0, instance:Scripts.ScriptExecution@11f8236]" name="beforeMethod" is-config="true" duration-ms="0" started-at="2017-12-21T12:49:19Z" finished-at="2017-12-21T12:49:19Z">
          <params>
            <param index="0">
              <value>
                <![CDATA[public void Scripts.ScriptExecution.NavigatingToCompletePage() throws java.lang.Exception]]>
              </value>
            </param>
          </params>
          <reporter-output>
          </reporter-output>
        </test-method> <!-- beforeMethod -->
        <test-method status="PASS" signature="afterMethod(org.testng.ITestResult)[pri:0, instance:Scripts.ScriptExecution@11f8236]" name="afterMethod" is-config="true" duration-ms="1" started-at="2017-12-21T12:49:21Z" finished-at="2017-12-21T12:49:21Z">
          <params>
            <param index="0">
              <value>
                <![CDATA[[TestResult name=NavigatingToCompletePage status=SUCCESS method=ScriptExecution.NavigatingToCompletePage()[pri:47, instance:Scripts.ScriptExecution@11f8236] output=Navigationg to COMLETE Page]]]>
              </value>
            </param>
          </params>
          <reporter-output>
          </reporter-output>
        </test-method> <!-- afterMethod -->
        <test-method status="PASS" signature="ValidateExportDataMessageWithCondition()[pri:48, instance:Scripts.ScriptExecution@11f8236]" name="ValidateExportDataMessageWithCondition" duration-ms="64" started-at="2017-12-21T12:49:21Z" finished-at="2017-12-21T12:49:21Z">
          <reporter-output>
            <line>
              <![CDATA[Navigating to Complete Page and validate the message shown after records gets Exported With Conditions]]>
            </line>
            <line>
              <![CDATA[Alert Message '1 - records successfully exported.']]>
            </line>
          </reporter-output>
        </test-method> <!-- ValidateExportDataMessageWithCondition -->
        <test-method status="PASS" signature="beforeMethod(java.lang.reflect.Method)[pri:0, instance:Scripts.ScriptExecution@11f8236]" name="beforeMethod" is-config="true" duration-ms="0" started-at="2017-12-21T12:49:21Z" finished-at="2017-12-21T12:49:21Z">
          <params>
            <param index="0">
              <value>
                <![CDATA[public void Scripts.ScriptExecution.ValidateExportDataMessageWithCondition() throws java.lang.Exception]]>
              </value>
            </param>
          </params>
          <reporter-output>
          </reporter-output>
        </test-method> <!-- beforeMethod -->
        <test-method status="PASS" signature="afterMethod(org.testng.ITestResult)[pri:0, instance:Scripts.ScriptExecution@11f8236]" name="afterMethod" is-config="true" duration-ms="0" started-at="2017-12-21T12:49:21Z" finished-at="2017-12-21T12:49:21Z">
          <params>
            <param index="0">
              <value>
                <![CDATA[[TestResult name=ValidateExportDataMessageWithCondition status=SUCCESS method=ScriptExecution.ValidateExportDataMessageWithCondition()[pri:48, instance:Scripts.ScriptExecution@11f8236] output=Navigating to Complete Page and validate the message shown after records gets Exported With Conditions]]]>
              </value>
            </param>
          </params>
          <reporter-output>
          </reporter-output>
        </test-method> <!-- afterMethod -->
        <test-method status="PASS" signature="beforeMethod(java.lang.reflect.Method)[pri:0, instance:Scripts.ScriptExecution@11f8236]" name="beforeMethod" is-config="true" duration-ms="0" started-at="2017-12-21T12:49:21Z" finished-at="2017-12-21T12:49:21Z">
          <params>
            <param index="0">
              <value>
                <![CDATA[public void Scripts.ScriptExecution.ValidateExportDataMessageWithoutCondition() throws java.lang.Exception]]>
              </value>
            </param>
          </params>
          <reporter-output>
          </reporter-output>
        </test-method> <!-- beforeMethod -->
        <test-method status="PASS" signature="ValidateExportDataMessageWithoutCondition()[pri:49, instance:Scripts.ScriptExecution@11f8236]" name="ValidateExportDataMessageWithoutCondition" duration-ms="5420" started-at="2017-12-21T12:49:21Z" finished-at="2017-12-21T12:49:27Z">
          <reporter-output>
            <line>
              <![CDATA[Navigating to Complete Page and validate the message shown after records gets Exported without conditions]]>
            </line>
            <line>
              <![CDATA[Alert Message '2 - records successfully exported.']]>
            </line>
          </reporter-output>
        </test-method> <!-- ValidateExportDataMessageWithoutCondition -->
        <test-method status="PASS" signature="afterMethod(org.testng.ITestResult)[pri:0, instance:Scripts.ScriptExecution@11f8236]" name="afterMethod" is-config="true" duration-ms="1" started-at="2017-12-21T12:49:27Z" finished-at="2017-12-21T12:49:27Z">
          <params>
            <param index="0">
              <value>
                <![CDATA[[TestResult name=ValidateExportDataMessageWithoutCondition status=SUCCESS method=ScriptExecution.ValidateExportDataMessageWithoutCondition()[pri:49, instance:Scripts.ScriptExecution@11f8236] output=Navigating to Complete Page and validate the message shown after records gets Exported without conditions]]]>
              </value>
            </param>
          </params>
          <reporter-output>
          </reporter-output>
        </test-method> <!-- afterMethod -->
        <test-method status="PASS" signature="beforeMethod(java.lang.reflect.Method)[pri:0, instance:Scripts.ScriptExecution@11f8236]" name="beforeMethod" is-config="true" duration-ms="1" started-at="2017-12-21T12:49:27Z" finished-at="2017-12-21T12:49:27Z">
          <params>
            <param index="0">
              <value>
                <![CDATA[public void Scripts.ScriptExecution.ValidateFileIsDownloaded() throws java.lang.Exception]]>
              </value>
            </param>
          </params>
          <reporter-output>
          </reporter-output>
        </test-method> <!-- beforeMethod -->
        <test-method status="PASS" signature="ValidateFileIsDownloaded()[pri:50, instance:Scripts.ScriptExecution@11f8236]" name="ValidateFileIsDownloaded" duration-ms="4023" started-at="2017-12-21T12:49:27Z" finished-at="2017-12-21T12:49:31Z">
          <reporter-output>
            <line>
              <![CDATA[On Click of Download validating file is downloaded or not]]>
            </line>
          </reporter-output>
        </test-method> <!-- ValidateFileIsDownloaded -->
        <test-method status="PASS" signature="afterMethod(org.testng.ITestResult)[pri:0, instance:Scripts.ScriptExecution@11f8236]" name="afterMethod" is-config="true" duration-ms="5" started-at="2017-12-21T12:49:31Z" finished-at="2017-12-21T12:49:31Z">
          <params>
            <param index="0">
              <value>
                <![CDATA[[TestResult name=ValidateFileIsDownloaded status=SUCCESS method=ScriptExecution.ValidateFileIsDownloaded()[pri:50, instance:Scripts.ScriptExecution@11f8236] output=On Click of Download validating file is downloaded or not]]]>
              </value>
            </param>
          </params>
          <reporter-output>
          </reporter-output>
        </test-method> <!-- afterMethod -->
        <test-method status="PASS" signature="beforeMethod(java.lang.reflect.Method)[pri:0, instance:Scripts.ScriptExecution@11f8236]" name="beforeMethod" is-config="true" duration-ms="3" started-at="2017-12-21T12:49:31Z" finished-at="2017-12-21T12:49:31Z">
          <params>
            <param index="0">
              <value>
                <![CDATA[public void Scripts.ScriptExecution.NavigatingToPreviousPageFormCompletePage() throws java.lang.Exception]]>
              </value>
            </param>
          </params>
          <reporter-output>
          </reporter-output>
        </test-method> <!-- beforeMethod -->
        <test-method status="PASS" signature="NavigatingToPreviousPageFormCompletePage()[pri:51, instance:Scripts.ScriptExecution@11f8236]" name="NavigatingToPreviousPageFormCompletePage" duration-ms="2492" started-at="2017-12-21T12:49:31Z" finished-at="2017-12-21T12:49:33Z">
          <reporter-output>
            <line>
              <![CDATA[Navigationg To any previous(ExportPage) from Complete Page]]>
            </line>
            <line>
              <![CDATA[Testcase PASS]]>
            </line>
          </reporter-output>
        </test-method> <!-- NavigatingToPreviousPageFormCompletePage -->
        <test-method status="PASS" signature="afterMethod(org.testng.ITestResult)[pri:0, instance:Scripts.ScriptExecution@11f8236]" name="afterMethod" is-config="true" duration-ms="1" started-at="2017-12-21T12:49:33Z" finished-at="2017-12-21T12:49:33Z">
          <params>
            <param index="0">
              <value>
                <![CDATA[[TestResult name=NavigatingToPreviousPageFormCompletePage status=SUCCESS method=ScriptExecution.NavigatingToPreviousPageFormCompletePage()[pri:51, instance:Scripts.ScriptExecution@11f8236] output=Navigationg To any previous(ExportPage) from Complete Page]]]>
              </value>
            </param>
          </params>
          <reporter-output>
          </reporter-output>
        </test-method> <!-- afterMethod -->
        <test-method status="PASS" signature="beforeMethod(java.lang.reflect.Method)[pri:0, instance:Scripts.ScriptExecution@11f8236]" name="beforeMethod" is-config="true" duration-ms="0" started-at="2017-12-21T12:49:33Z" finished-at="2017-12-21T12:49:33Z">
          <params>
            <param index="0">
              <value>
                <![CDATA[public void Scripts.ScriptExecution.NavigatingThroughIcons() throws java.lang.Exception]]>
              </value>
            </param>
          </params>
          <reporter-output>
          </reporter-output>
        </test-method> <!-- beforeMethod -->
        <test-method status="PASS" signature="NavigatingThroughIcons()[pri:52, instance:Scripts.ScriptExecution@11f8236]" name="NavigatingThroughIcons" duration-ms="2392" started-at="2017-12-21T12:49:33Z" finished-at="2017-12-21T12:49:36Z">
          <reporter-output>
            <line>
              <![CDATA[Navigationg To any page throwugh icons]]>
            </line>
            <line>
              <![CDATA[Testcase PASS]]>
            </line>
          </reporter-output>
        </test-method> <!-- NavigatingThroughIcons -->
        <test-method status="PASS" signature="afterMethod(org.testng.ITestResult)[pri:0, instance:Scripts.ScriptExecution@11f8236]" name="afterMethod" is-config="true" duration-ms="0" started-at="2017-12-21T12:49:36Z" finished-at="2017-12-21T12:49:36Z">
          <params>
            <param index="0">
              <value>
                <![CDATA[[TestResult name=NavigatingThroughIcons status=SUCCESS method=ScriptExecution.NavigatingThroughIcons()[pri:52, instance:Scripts.ScriptExecution@11f8236] output=Navigationg To any page throwugh icons]]]>
              </value>
            </param>
          </params>
          <reporter-output>
          </reporter-output>
        </test-method> <!-- afterMethod -->
        <test-method status="PASS" signature="beforeMethod(java.lang.reflect.Method)[pri:0, instance:Scripts.ScriptExecution@11f8236]" name="beforeMethod" is-config="true" duration-ms="1" started-at="2017-12-21T12:49:36Z" finished-at="2017-12-21T12:49:36Z">
          <params>
            <param index="0">
              <value>
                <![CDATA[public void Scripts.ScriptExecution.NavigatingToCompletePageThroughIcons() throws java.lang.Exception]]>
              </value>
            </param>
          </params>
          <reporter-output>
          </reporter-output>
        </test-method> <!-- beforeMethod -->
        <test-method status="PASS" signature="NavigatingToCompletePageThroughIcons()[pri:53, instance:Scripts.ScriptExecution@11f8236]" name="NavigatingToCompletePageThroughIcons" duration-ms="2278" started-at="2017-12-21T12:49:36Z" finished-at="2017-12-21T12:49:38Z">
          <reporter-output>
            <line>
              <![CDATA[Navigationg To Complete page throwugh icons]]>
            </line>
            <line>
              <![CDATA[Testcase PASS]]>
            </line>
          </reporter-output>
        </test-method> <!-- NavigatingToCompletePageThroughIcons -->
        <test-method status="PASS" signature="afterMethod(org.testng.ITestResult)[pri:0, instance:Scripts.ScriptExecution@11f8236]" name="afterMethod" is-config="true" duration-ms="0" started-at="2017-12-21T12:49:38Z" finished-at="2017-12-21T12:49:38Z">
          <params>
            <param index="0">
              <value>
                <![CDATA[[TestResult name=NavigatingToCompletePageThroughIcons status=SUCCESS method=ScriptExecution.NavigatingToCompletePageThroughIcons()[pri:53, instance:Scripts.ScriptExecution@11f8236] output=Navigationg To Complete page throwugh icons]]]>
              </value>
            </param>
          </params>
          <reporter-output>
          </reporter-output>
        </test-method> <!-- afterMethod -->
        <test-method status="PASS" signature="beforeMethod(java.lang.reflect.Method)[pri:0, instance:Scripts.ScriptExecution@11f8236]" name="beforeMethod" is-config="true" duration-ms="0" started-at="2017-12-21T12:49:38Z" finished-at="2017-12-21T12:49:38Z">
          <params>
            <param index="0">
              <value>
                <![CDATA[public void Scripts.ScriptExecution.EnterIncorrectDataAndValidate() throws java.lang.Exception]]>
              </value>
            </param>
          </params>
          <reporter-output>
          </reporter-output>
        </test-method> <!-- beforeMethod -->
        <test-method status="PASS" signature="EnterIncorrectDataAndValidate()[pri:54, instance:Scripts.ScriptExecution@11f8236]" name="EnterIncorrectDataAndValidate" duration-ms="3738" started-at="2017-12-21T12:49:38Z" finished-at="2017-12-21T12:49:42Z">
          <reporter-output>
            <line>
              <![CDATA[Entering Incorrect Data and validating it is throwing message or not]]>
            </line>
            <line>
              <![CDATA[selecting name value from dropdown]]>
            </line>
            <line>
              <![CDATA[selecting = value from dropdown]]>
            </line>
            <line>
              <![CDATA[Alert Message 'No Data to export.']]>
            </line>
          </reporter-output>
        </test-method> <!-- EnterIncorrectDataAndValidate -->
        <test-method status="PASS" signature="afterMethod(org.testng.ITestResult)[pri:0, instance:Scripts.ScriptExecution@11f8236]" name="afterMethod" is-config="true" duration-ms="0" started-at="2017-12-21T12:49:42Z" finished-at="2017-12-21T12:49:42Z">
          <params>
            <param index="0">
              <value>
                <![CDATA[[TestResult name=EnterIncorrectDataAndValidate status=SUCCESS method=ScriptExecution.EnterIncorrectDataAndValidate()[pri:54, instance:Scripts.ScriptExecution@11f8236] output=Entering Incorrect Data and validating it is throwing message or not]]]>
              </value>
            </param>
          </params>
          <reporter-output>
          </reporter-output>
        </test-method> <!-- afterMethod -->
        <test-method status="PASS" signature="endTest()[pri:0, instance:Scripts.ScriptExecution@11f8236]" name="endTest" is-config="true" duration-ms="995" started-at="2017-12-21T12:49:42Z" finished-at="2017-12-21T12:49:43Z">
          <reporter-output>
          </reporter-output>
        </test-method> <!-- endTest -->
      </class> <!-- Scripts.ScriptExecution -->
    </test> <!-- Default test -->
  </suite> <!-- Default suite -->
</testng-results>
